# JRE version: Java(TM) SE Runtime Environment (8.0_121-b13) (build 1.8.0_121-b13)
# Java VM: Java HotSpot(TM) 64-Bit Server VM (25.121-b13 mixed mode linux-amd64 compressed oops)
Heap:
 PSYoungGen      total 1193984K, used 0K [0x000000076ab00000, 0x00000007c0000000, 0x00000007c0000000)
  eden space 990208K, 0% used [0x000000076ab00000,0x000000076ab00000,0x00000007a7200000)
  from space 203776K, 0% used [0x00000007a7200000,0x00000007a7200000,0x00000007b3900000)
  to   space 203776K, 0% used [0x00000007b3900000,0x00000007b3900000,0x00000007c0000000)
 ParOldGen       total 885760K, used 810859K [0x00000006c0000000, 0x00000006f6100000, 0x000000076ab00000)
  object space 885760K, 91% used [0x00000006c0000000,0x00000006f17dacb8,0x00000006f6100000)
 Metaspace       used 7080K, capacity 7672K, committed 7936K, reserved 1056768K
  class space    used 652K, capacity 688K, committed 768K, reserved 1048576K
GC Heap History (10 events):
Event: 12.096 GC heap after
Heap after GC invocations=18 (full 4):
 PSYoungGen      total 1142784K, used 119221K [0x000000076ab00000, 0x00000007bc580000, 0x00000007c0000000)
  eden space 998912K, 0% used [0x000000076ab00000,0x000000076ab00000,0x00000007a7a80000)
  from space 143872K, 82% used [0x00000007b1600000,0x00000007b8a6d6b8,0x00000007ba280000)
  to   space 159232K, 0% used [0x00000007a7a80000,0x00000007a7a80000,0x00000007b1600000)
 ParOldGen       total 626688K, used 486428K [0x00000006c0000000, 0x00000006e6400000, 0x000000076ab00000)
  object space 626688K, 77% used [0x00000006c0000000,0x00000006ddb07278,0x00000006e6400000)
 Metaspace       used 6707K, capacity 7320K, committed 7680K, reserved 1056768K
  class space    used 631K, capacity 656K, committed 768K, reserved 1048576K
}
Event: 13.324 GC heap before
{Heap before GC invocations=19 (full 4):
 PSYoungGen      total 1142784K, used 1118133K [0x000000076ab00000, 0x00000007bc580000, 0x00000007c0000000)
  eden space 998912K, 100% used [0x000000076ab00000,0x00000007a7a80000,0x00000007a7a80000)
  from space 143872K, 82% used [0x00000007b1600000,0x00000007b8a6d6b8,0x00000007ba280000)
  to   space 159232K, 0% used [0x00000007a7a80000,0x00000007a7a80000,0x00000007b1600000)
 ParOldGen       total 626688K, used 486428K [0x00000006c0000000, 0x00000006e6400000, 0x000000076ab00000)
  object space 626688K, 77% used [0x00000006c0000000,0x00000006ddb07278,0x00000006e6400000)
 Metaspace       used 6739K, capacity 7320K, committed 7680K, reserved 1056768K
  class space    used 635K, capacity 656K, committed 768K, reserved 1048576K
Event: 13.790 GC heap after
Heap after GC invocations=19 (full 4):
 PSYoungGen      total 1158144K, used 152388K [0x000000076ab00000, 0x00000007c0000000, 0x00000007c0000000)
  eden space 998912K, 0% used [0x000000076ab00000,0x000000076ab00000,0x00000007a7a80000)
  from space 159232K, 95% used [0x00000007a7a80000,0x00000007b0f51270,0x00000007b1600000)
  to   space 183296K, 0% used [0x00000007b4d00000,0x00000007b4d00000,0x00000007c0000000)
 ParOldGen       total 626688K, used 600478K [0x00000006c0000000, 0x00000006e6400000, 0x000000076ab00000)
  object space 626688K, 95% used [0x00000006c0000000,0x00000006e4a67be8,0x00000006e6400000)
 Metaspace       used 6739K, capacity 7320K, committed 7680K, reserved 1056768K
  class space    used 635K, capacity 656K, committed 768K, reserved 1048576K
}
Event: 13.790 GC heap before
{Heap before GC invocations=20 (full 5):
 PSYoungGen      total 1158144K, used 152388K [0x000000076ab00000, 0x00000007c0000000, 0x00000007c0000000)
  eden space 998912K, 0% used [0x000000076ab00000,0x000000076ab00000,0x00000007a7a80000)
  from space 159232K, 95% used [0x00000007a7a80000,0x00000007b0f51270,0x00000007b1600000)
  to   space 183296K, 0% used [0x00000007b4d00000,0x00000007b4d00000,0x00000007c0000000)
 ParOldGen       total 626688K, used 600478K [0x00000006c0000000, 0x00000006e6400000, 0x000000076ab00000)
  object space 626688K, 95% used [0x00000006c0000000,0x00000006e4a67be8,0x00000006e6400000)
 Metaspace       used 6739K, capacity 7320K, committed 7680K, reserved 1056768K
  class space    used 635K, capacity 656K, committed 768K, reserved 1048576K
Event: 15.335 GC heap after
Heap after GC invocations=20 (full 5):
 PSYoungGen      total 1158144K, used 120933K [0x000000076ab00000, 0x00000007c0000000, 0x00000007c0000000)
  eden space 998912K, 0% used [0x000000076ab00000,0x000000076ab00000,0x00000007a7a80000)
  from space 159232K, 75% used [0x00000007a7a80000,0x00000007af099738,0x00000007b1600000)
  to   space 183296K, 0% used [0x00000007b4d00000,0x00000007b4d00000,0x00000007c0000000)
 ParOldGen       total 885760K, used 626281K [0x00000006c0000000, 0x00000006f6100000, 0x000000076ab00000)
  object space 885760K, 70% used [0x00000006c0000000,0x00000006e639a620,0x00000006f6100000)
 Metaspace       used 6739K, capacity 7320K, committed 7680K, reserved 1056768K
  class space    used 635K, capacity 656K, committed 768K, reserved 1048576K
}
Event: 16.745 GC heap before
{Heap before GC invocations=21 (full 5):
 PSYoungGen      total 1158144K, used 1119845K [0x000000076ab00000, 0x00000007c0000000, 0x00000007c0000000)
  eden space 998912K, 100% used [0x000000076ab00000,0x00000007a7a80000,0x00000007a7a80000)
  from space 159232K, 75% used [0x00000007a7a80000,0x00000007af099738,0x00000007b1600000)
  to   space 183296K, 0% used [0x00000007b4d00000,0x00000007b4d00000,0x00000007c0000000)
 ParOldGen       total 885760K, used 626281K [0x00000006c0000000, 0x00000006f6100000, 0x000000076ab00000)
  object space 885760K, 70% used [0x00000006c0000000,0x00000006e639a620,0x00000006f6100000)
 Metaspace       used 6848K, capacity 7384K, committed 7680K, reserved 1056768K
  class space    used 639K, capacity 656K, committed 768K, reserved 1048576K
Event: 17.310 GC heap after
Heap after GC invocations=21 (full 5):
 PSYoungGen      total 1173504K, used 154959K [0x000000076ab00000, 0x00000007c0000000, 0x00000007c0000000)
  eden space 990208K, 0% used [0x000000076ab00000,0x000000076ab00000,0x00000007a7200000)
  from space 183296K, 84% used [0x00000007b4d00000,0x00000007be453e78,0x00000007c0000000)
  to   space 203776K, 0% used [0x00000007a7200000,0x00000007a7200000,0x00000007b3900000)
 ParOldGen       total 885760K, used 742242K [0x00000006c0000000, 0x00000006f6100000, 0x000000076ab00000)
  object space 885760K, 83% used [0x00000006c0000000,0x00000006ed4d8a98,0x00000006f6100000)
 Metaspace       used 6848K, capacity 7384K, committed 7680K, reserved 1056768K
  class space    used 639K, capacity 656K, committed 768K, reserved 1048576K
}
Event: 18.663 GC heap before
{Heap before GC invocations=22 (full 5):
 PSYoungGen      total 1173504K, used 1145167K [0x000000076ab00000, 0x00000007c0000000, 0x00000007c0000000)
  eden space 990208K, 100% used [0x000000076ab00000,0x00000007a7200000,0x00000007a7200000)
  from space 183296K, 84% used [0x00000007b4d00000,0x00000007be453e78,0x00000007c0000000)
  to   space 203776K, 0% used [0x00000007a7200000,0x00000007a7200000,0x00000007b3900000)
 ParOldGen       total 885760K, used 742242K [0x00000006c0000000, 0x00000006f6100000, 0x000000076ab00000)
  object space 885760K, 83% used [0x00000006c0000000,0x00000006ed4d8a98,0x00000006f6100000)
 Metaspace       used 7080K, capacity 7672K, committed 7936K, reserved 1056768K
  class space    used 652K, capacity 688K, committed 768K, reserved 1048576K
Event: 19.038 GC heap after
Heap after GC invocations=22 (full 5):
 PSYoungGen      total 1193984K, used 203770K [0x000000076ab00000, 0x00000007c0000000, 0x00000007c0000000)
  eden space 990208K, 0% used [0x000000076ab00000,0x000000076ab00000,0x00000007a7200000)
  from space 203776K, 99% used [0x00000007a7200000,0x00000007b38feac8,0x00000007b3900000)
  to   space 203776K, 0% used [0x00000007b3900000,0x00000007b3900000,0x00000007c0000000)
 ParOldGen       total 885760K, used 857256K [0x00000006c0000000, 0x00000006f6100000, 0x000000076ab00000)
  object space 885760K, 96% used [0x00000006c0000000,0x00000006f452a050,0x00000006f6100000)
 Metaspace       used 7080K, capacity 7672K, committed 7936K, reserved 1056768K
  class space    used 652K, capacity 688K, committed 768K, reserved 1048576K
}
Event: 19.038 GC heap before
{Heap before GC invocations=23 (full 6):
 PSYoungGen      total 1193984K, used 203770K [0x000000076ab00000, 0x00000007c0000000, 0x00000007c0000000)
  eden space 990208K, 0% used [0x000000076ab00000,0x000000076ab00000,0x00000007a7200000)
  from space 203776K, 99% used [0x00000007a7200000,0x00000007b38feac8,0x00000007b3900000)
  to   space 203776K, 0% used [0x00000007b3900000,0x00000007b3900000,0x00000007c0000000)
 ParOldGen       total 885760K, used 857256K [0x00000006c0000000, 0x00000006f6100000, 0x000000076ab00000)
  object space 885760K, 96% used [0x00000006c0000000,0x00000006f452a050,0x00000006f6100000)
 Metaspace       used 7080K, capacity 7672K, committed 7936K, reserved 1056768K
  class space    used 652K, capacity 688K, committed 768K, reserved 1048576K

