# JRE version: Java(TM) SE Runtime Environment (8.0_121-b13) (build 1.8.0_121-b13)
# Java VM: Java HotSpot(TM) 64-Bit Server VM (25.121-b13 mixed mode linux-amd64 compressed oops)
Heap:
 PSYoungGen      total 1018880K, used 0K [0x000000076ab00000, 0x00000007c0000000, 0x00000007c0000000)
  eden space 837120K, 0% used [0x000000076ab00000,0x000000076ab00000,0x000000079dc80000)
  from space 181760K, 0% used [0x000000079dc80000,0x000000079dc80000,0x00000007a8e00000)
  to   space 229376K, 5% used [0x00000007b2000000,0x00000007b2c3d4b8,0x00000007c0000000)
 ParOldGen       total 848384K, used 848347K [0x00000006c0000000, 0x00000006f3c80000, 0x000000076ab00000)
  object space 848384K, 99% used [0x00000006c0000000,0x00000006f3c76c28,0x00000006f3c80000)
 Metaspace       used 7080K, capacity 7672K, committed 7936K, reserved 1056768K
  class space    used 651K, capacity 688K, committed 768K, reserved 1048576K
GC Heap History (10 events):
Event: 13.497 GC heap after
Heap after GC invocations=22 (full 4):
 PSYoungGen      total 851968K, used 130046K [0x000000076ab00000, 0x00000007b3b00000, 0x00000007c0000000)
  eden space 721920K, 0% used [0x000000076ab00000,0x000000076ab00000,0x0000000796c00000)
  from space 130048K, 99% used [0x0000000796c00000,0x000000079eaff8e0,0x000000079eb00000)
  to   space 177152K, 0% used [0x00000007a8e00000,0x00000007a8e00000,0x00000007b3b00000)
 ParOldGen       total 566272K, used 512278K [0x00000006c0000000, 0x00000006e2900000, 0x000000076ab00000)
  object space 566272K, 90% used [0x00000006c0000000,0x00000006df445908,0x00000006e2900000)
 Metaspace       used 6703K, capacity 7320K, committed 7680K, reserved 1056768K
  class space    used 631K, capacity 656K, committed 768K, reserved 1048576K
}
Event: 13.497 GC heap before
{Heap before GC invocations=23 (full 5):
 PSYoungGen      total 851968K, used 130046K [0x000000076ab00000, 0x00000007b3b00000, 0x00000007c0000000)
  eden space 721920K, 0% used [0x000000076ab00000,0x000000076ab00000,0x0000000796c00000)
  from space 130048K, 99% used [0x0000000796c00000,0x000000079eaff8e0,0x000000079eb00000)
  to   space 177152K, 0% used [0x00000007a8e00000,0x00000007a8e00000,0x00000007b3b00000)
 ParOldGen       total 566272K, used 512278K [0x00000006c0000000, 0x00000006e2900000, 0x000000076ab00000)
  object space 566272K, 90% used [0x00000006c0000000,0x00000006df445908,0x00000006e2900000)
 Metaspace       used 6703K, capacity 7320K, committed 7680K, reserved 1056768K
  class space    used 631K, capacity 656K, committed 768K, reserved 1048576K
Event: 14.691 GC heap after
Heap after GC invocations=23 (full 5):
 PSYoungGen      total 851968K, used 68377K [0x000000076ab00000, 0x00000007b3b00000, 0x00000007c0000000)
  eden space 721920K, 0% used [0x000000076ab00000,0x000000076ab00000,0x0000000796c00000)
  from space 130048K, 52% used [0x0000000796c00000,0x000000079aec66e0,0x000000079eb00000)
  to   space 177152K, 0% used [0x00000007a8e00000,0x00000007a8e00000,0x00000007b3b00000)
 ParOldGen       total 790016K, used 566217K [0x00000006c0000000, 0x00000006f0380000, 0x000000076ab00000)
  object space 790016K, 71% used [0x00000006c0000000,0x00000006e28f26e0,0x00000006f0380000)
 Metaspace       used 6703K, capacity 7320K, committed 7680K, reserved 1056768K
  class space    used 631K, capacity 656K, committed 768K, reserved 1048576K
}
Event: 15.738 GC heap before
{Heap before GC invocations=24 (full 5):
 PSYoungGen      total 851968K, used 790297K [0x000000076ab00000, 0x00000007b3b00000, 0x00000007c0000000)
  eden space 721920K, 100% used [0x000000076ab00000,0x0000000796c00000,0x0000000796c00000)
  from space 130048K, 52% used [0x0000000796c00000,0x000000079aec66e0,0x000000079eb00000)
  to   space 177152K, 0% used [0x00000007a8e00000,0x00000007a8e00000,0x00000007b3b00000)
 ParOldGen       total 790016K, used 566217K [0x00000006c0000000, 0x00000006f0380000, 0x000000076ab00000)
  object space 790016K, 71% used [0x00000006c0000000,0x00000006e28f26e0,0x00000006f0380000)
 Metaspace       used 6705K, capacity 7320K, committed 7680K, reserved 1056768K
  class space    used 631K, capacity 656K, committed 768K, reserved 1048576K
Event: 16.221 GC heap after
Heap after GC invocations=24 (full 5):
 PSYoungGen      total 1014272K, used 106557K [0x000000076ab00000, 0x00000007b4680000, 0x00000007c0000000)
  eden space 837120K, 0% used [0x000000076ab00000,0x000000076ab00000,0x000000079dc80000)
  from space 177152K, 60% used [0x00000007a8e00000,0x00000007af60f778,0x00000007b3b00000)
  to   space 181760K, 0% used [0x000000079dc80000,0x000000079dc80000,0x00000007a8e00000)
 ParOldGen       total 790016K, used 635221K [0x00000006c0000000, 0x00000006f0380000, 0x000000076ab00000)
  object space 790016K, 80% used [0x00000006c0000000,0x00000006e6c555d8,0x00000006f0380000)
 Metaspace       used 6705K, capacity 7320K, committed 7680K, reserved 1056768K
  class space    used 631K, capacity 656K, committed 768K, reserved 1048576K
}
Event: 17.437 GC heap before
{Heap before GC invocations=25 (full 5):
 PSYoungGen      total 1014272K, used 943677K [0x000000076ab00000, 0x00000007b4680000, 0x00000007c0000000)
  eden space 837120K, 100% used [0x000000076ab00000,0x000000079dc80000,0x000000079dc80000)
  from space 177152K, 60% used [0x00000007a8e00000,0x00000007af60f778,0x00000007b3b00000)
  to   space 181760K, 0% used [0x000000079dc80000,0x000000079dc80000,0x00000007a8e00000)
 ParOldGen       total 790016K, used 635221K [0x00000006c0000000, 0x00000006f0380000, 0x000000076ab00000)
  object space 790016K, 80% used [0x00000006c0000000,0x00000006e6c555d8,0x00000006f0380000)
 Metaspace       used 6840K, capacity 7384K, committed 7680K, reserved 1056768K
  class space    used 639K, capacity 656K, committed 768K, reserved 1048576K
Event: 17.712 GC heap after
Heap after GC invocations=25 (full 5):
 PSYoungGen      total 1018880K, used 181756K [0x000000076ab00000, 0x00000007c0000000, 0x00000007c0000000)
  eden space 837120K, 0% used [0x000000076ab00000,0x000000076ab00000,0x000000079dc80000)
  from space 181760K, 99% used [0x000000079dc80000,0x00000007a8dff198,0x00000007a8e00000)
  to   space 229376K, 0% used [0x00000007b2000000,0x00000007b2000000,0x00000007c0000000)
 ParOldGen       total 790016K, used 680573K [0x00000006c0000000, 0x00000006f0380000, 0x000000076ab00000)
  object space 790016K, 86% used [0x00000006c0000000,0x00000006e989f630,0x00000006f0380000)
 Metaspace       used 6840K, capacity 7384K, committed 7680K, reserved 1056768K
  class space    used 639K, capacity 656K, committed 768K, reserved 1048576K
}
Event: 19.242 GC heap before
{Heap before GC invocations=26 (full 5):
 PSYoungGen      total 1018880K, used 1018876K [0x000000076ab00000, 0x00000007c0000000, 0x00000007c0000000)
  eden space 837120K, 100% used [0x000000076ab00000,0x000000079dc80000,0x000000079dc80000)
  from space 181760K, 99% used [0x000000079dc80000,0x00000007a8dff198,0x00000007a8e00000)
  to   space 229376K, 0% used [0x00000007b2000000,0x00000007b2000000,0x00000007c0000000)
 ParOldGen       total 790016K, used 680573K [0x00000006c0000000, 0x00000006f0380000, 0x000000076ab00000)
  object space 790016K, 86% used [0x00000006c0000000,0x00000006e989f630,0x00000006f0380000)
 Metaspace       used 7080K, capacity 7672K, committed 7936K, reserved 1056768K
  class space    used 651K, capacity 688K, committed 768K, reserved 1048576K
Event: 20.127 GC heap after
Heap after GC invocations=26 (full 5):
 PSYoungGen      total 1018880K, used 1018876K [0x000000076ab00000, 0x00000007c0000000, 0x00000007c0000000)
  eden space 837120K, 100% used [0x000000076ab00000,0x000000079dc80000,0x000000079dc80000)
  from space 181760K, 99% used [0x000000079dc80000,0x00000007a8dff198,0x00000007a8e00000)
  to   space 229376K, 62% used [0x00000007b2000000,0x00000007bab8ffe0,0x00000007c0000000)
 ParOldGen       total 848384K, used 848047K [0x00000006c0000000, 0x00000006f3c80000, 0x000000076ab00000)
  object space 848384K, 99% used [0x00000006c0000000,0x00000006f3c2bf38,0x00000006f3c80000)
 Metaspace       used 7080K, capacity 7672K, committed 7936K, reserved 1056768K
  class space    used 651K, capacity 688K, committed 768K, reserved 1048576K
}
Event: 20.127 GC heap before
{Heap before GC invocations=27 (full 6):
 PSYoungGen      total 1018880K, used 1018876K [0x000000076ab00000, 0x00000007c0000000, 0x00000007c0000000)
  eden space 837120K, 100% used [0x000000076ab00000,0x000000079dc80000,0x000000079dc80000)
  from space 181760K, 99% used [0x000000079dc80000,0x00000007a8dff198,0x00000007a8e00000)
  to   space 229376K, 62% used [0x00000007b2000000,0x00000007bab8ffe0,0x00000007c0000000)
 ParOldGen       total 848384K, used 848047K [0x00000006c0000000, 0x00000006f3c80000, 0x000000076ab00000)
  object space 848384K, 99% used [0x00000006c0000000,0x00000006f3c2bf38,0x00000006f3c80000)
 Metaspace       used 7080K, capacity 7672K, committed 7936K, reserved 1056768K
  class space    used 651K, capacity 688K, committed 768K, reserved 1048576K

