# JRE version: Java(TM) SE Runtime Environment (8.0_121-b13) (build 1.8.0_121-b13)
# Java VM: Java HotSpot(TM) 64-Bit Server VM (25.121-b13 mixed mode linux-amd64 compressed oops)
Heap:
 PSYoungGen      total 1053696K, used 0K [0x000000076ab00000, 0x00000007c0000000, 0x00000007c0000000)
  eden space 809984K, 0% used [0x000000076ab00000,0x000000076ab00000,0x000000079c200000)
  from space 243712K, 0% used [0x00000007b1200000,0x00000007b1200000,0x00000007c0000000)
  to   space 293888K, 0% used [0x000000079c200000,0x000000079c200000,0x00000007ae100000)
 ParOldGen       total 1000448K, used 992565K [0x00000006c0000000, 0x00000006fd100000, 0x000000076ab00000)
  object space 1000448K, 99% used [0x00000006c0000000,0x00000006fc94d770,0x00000006fd100000)
 Metaspace       used 7078K, capacity 7608K, committed 7936K, reserved 1056768K
  class space    used 652K, capacity 688K, committed 768K, reserved 1048576K
GC Heap History (10 events):
Event: 17.003 GC heap after
Heap after GC invocations=19 (full 4):
 PSYoungGen      total 1115648K, used 182270K [0x000000076ab00000, 0x00000007c0000000, 0x00000007c0000000)
  eden space 933376K, 0% used [0x000000076ab00000,0x000000076ab00000,0x00000007a3a80000)
  from space 182272K, 99% used [0x00000007a3a80000,0x00000007aec7fb20,0x00000007aec80000)
  to   space 239616K, 0% used [0x00000007b1600000,0x00000007b1600000,0x00000007c0000000)
 ParOldGen       total 630784K, used 559301K [0x00000006c0000000, 0x00000006e6800000, 0x000000076ab00000)
  object space 630784K, 88% used [0x00000006c0000000,0x00000006e2231650,0x00000006e6800000)
 Metaspace       used 6698K, capacity 7320K, committed 7680K, reserved 1056768K
  class space    used 632K, capacity 656K, committed 768K, reserved 1048576K
}
Event: 17.003 GC heap before
{Heap before GC invocations=20 (full 5):
 PSYoungGen      total 1115648K, used 182270K [0x000000076ab00000, 0x00000007c0000000, 0x00000007c0000000)
  eden space 933376K, 0% used [0x000000076ab00000,0x000000076ab00000,0x00000007a3a80000)
  from space 182272K, 99% used [0x00000007a3a80000,0x00000007aec7fb20,0x00000007aec80000)
  to   space 239616K, 0% used [0x00000007b1600000,0x00000007b1600000,0x00000007c0000000)
 ParOldGen       total 630784K, used 559301K [0x00000006c0000000, 0x00000006e6800000, 0x000000076ab00000)
  object space 630784K, 88% used [0x00000006c0000000,0x00000006e2231650,0x00000006e6800000)
 Metaspace       used 6698K, capacity 7320K, committed 7680K, reserved 1056768K
  class space    used 632K, capacity 656K, committed 768K, reserved 1048576K
Event: 18.545 GC heap after
Heap after GC invocations=20 (full 5):
 PSYoungGen      total 1115648K, used 101572K [0x000000076ab00000, 0x00000007c0000000, 0x00000007c0000000)
  eden space 933376K, 0% used [0x000000076ab00000,0x000000076ab00000,0x00000007a3a80000)
  from space 182272K, 55% used [0x00000007a3a80000,0x00000007a9db10d0,0x00000007aec80000)
  to   space 239616K, 0% used [0x00000007b1600000,0x00000007b1600000,0x00000007c0000000)
 ParOldGen       total 877056K, used 630554K [0x00000006c0000000, 0x00000006f5880000, 0x000000076ab00000)
  object space 877056K, 71% used [0x00000006c0000000,0x00000006e67c6800,0x00000006f5880000)
 Metaspace       used 6698K, capacity 7320K, committed 7680K, reserved 1056768K
  class space    used 632K, capacity 656K, committed 768K, reserved 1048576K
}
Event: 20.248 GC heap before
{Heap before GC invocations=21 (full 5):
 PSYoungGen      total 1115648K, used 1034948K [0x000000076ab00000, 0x00000007c0000000, 0x00000007c0000000)
  eden space 933376K, 100% used [0x000000076ab00000,0x00000007a3a80000,0x00000007a3a80000)
  from space 182272K, 55% used [0x00000007a3a80000,0x00000007a9db10d0,0x00000007aec80000)
  to   space 239616K, 0% used [0x00000007b1600000,0x00000007b1600000,0x00000007c0000000)
 ParOldGen       total 877056K, used 630554K [0x00000006c0000000, 0x00000006f5880000, 0x000000076ab00000)
  object space 877056K, 71% used [0x00000006c0000000,0x00000006e67c6800,0x00000006f5880000)
 Metaspace       used 6814K, capacity 7384K, committed 7680K, reserved 1056768K
  class space    used 639K, capacity 656K, committed 768K, reserved 1048576K
Event: 20.604 GC heap after
Heap after GC invocations=21 (full 5):
 PSYoungGen      total 1149952K, used 138459K [0x000000076ab00000, 0x00000007c0000000, 0x00000007c0000000)
  eden space 910336K, 0% used [0x000000076ab00000,0x000000076ab00000,0x00000007a2400000)
  from space 239616K, 57% used [0x00000007b1600000,0x00000007b9d36f58,0x00000007c0000000)
  to   space 243712K, 0% used [0x00000007a2400000,0x00000007a2400000,0x00000007b1200000)
 ParOldGen       total 877056K, used 731843K [0x00000006c0000000, 0x00000006f5880000, 0x000000076ab00000)
  object space 877056K, 83% used [0x00000006c0000000,0x00000006ecab0ea8,0x00000006f5880000)
 Metaspace       used 6814K, capacity 7384K, committed 7680K, reserved 1056768K
  class space    used 639K, capacity 656K, committed 768K, reserved 1048576K
}
Event: 22.592 GC heap before
{Heap before GC invocations=22 (full 5):
 PSYoungGen      total 1149952K, used 1048795K [0x000000076ab00000, 0x00000007c0000000, 0x00000007c0000000)
  eden space 910336K, 100% used [0x000000076ab00000,0x00000007a2400000,0x00000007a2400000)
  from space 239616K, 57% used [0x00000007b1600000,0x00000007b9d36f58,0x00000007c0000000)
  to   space 243712K, 0% used [0x00000007a2400000,0x00000007a2400000,0x00000007b1200000)
 ParOldGen       total 877056K, used 731843K [0x00000006c0000000, 0x00000006f5880000, 0x000000076ab00000)
  object space 877056K, 83% used [0x00000006c0000000,0x00000006ecab0ea8,0x00000006f5880000)
 Metaspace       used 7059K, capacity 7608K, committed 7936K, reserved 1056768K
  class space    used 652K, capacity 688K, committed 768K, reserved 1048576K
Event: 23.002 GC heap after
Heap after GC invocations=22 (full 5):
 PSYoungGen      total 1154048K, used 243684K [0x000000076ab00000, 0x00000007c0000000, 0x00000007c0000000)
  eden space 910336K, 0% used [0x000000076ab00000,0x000000076ab00000,0x00000007a2400000)
  from space 243712K, 99% used [0x00000007a2400000,0x00000007b11f9070,0x00000007b1200000)
  to   space 243712K, 0% used [0x00000007b1200000,0x00000007b1200000,0x00000007c0000000)
 ParOldGen       total 877056K, used 762695K [0x00000006c0000000, 0x00000006f5880000, 0x000000076ab00000)
  object space 877056K, 86% used [0x00000006c0000000,0x00000006ee8d1f08,0x00000006f5880000)
 Metaspace       used 7059K, capacity 7608K, committed 7936K, reserved 1056768K
  class space    used 652K, capacity 688K, committed 768K, reserved 1048576K
}
Event: 24.644 GC heap before
{Heap before GC invocations=23 (full 5):
 PSYoungGen      total 1154048K, used 1154020K [0x000000076ab00000, 0x00000007c0000000, 0x00000007c0000000)
  eden space 910336K, 100% used [0x000000076ab00000,0x00000007a2400000,0x00000007a2400000)
  from space 243712K, 99% used [0x00000007a2400000,0x00000007b11f9070,0x00000007b1200000)
  to   space 243712K, 0% used [0x00000007b1200000,0x00000007b1200000,0x00000007c0000000)
 ParOldGen       total 877056K, used 762695K [0x00000006c0000000, 0x00000006f5880000, 0x000000076ab00000)
  object space 877056K, 86% used [0x00000006c0000000,0x00000006ee8d1f08,0x00000006f5880000)
 Metaspace       used 7078K, capacity 7608K, committed 7936K, reserved 1056768K
  class space    used 652K, capacity 688K, committed 768K, reserved 1048576K
Event: 26.448 GC heap after
Heap after GC invocations=23 (full 5):
 PSYoungGen      total 1053696K, used 153738K [0x000000076ab00000, 0x00000007c0000000, 0x00000007c0000000)
  eden space 809984K, 0% used [0x000000076ab00000,0x000000076ab00000,0x000000079c200000)
  from space 243712K, 63% used [0x00000007b1200000,0x00000007ba822920,0x00000007c0000000)
  to   space 293888K, 0% used [0x000000079c200000,0x000000079c200000,0x00000007ae100000)
 ParOldGen       total 1000448K, used 1000292K [0x00000006c0000000, 0x00000006fd100000, 0x000000076ab00000)
  object space 1000448K, 99% used [0x00000006c0000000,0x00000006fd0d9198,0x00000006fd100000)
 Metaspace       used 7078K, capacity 7608K, committed 7936K, reserved 1056768K
  class space    used 652K, capacity 688K, committed 768K, reserved 1048576K
}
Event: 26.449 GC heap before
{Heap before GC invocations=24 (full 6):
 PSYoungGen      total 1053696K, used 153738K [0x000000076ab00000, 0x00000007c0000000, 0x00000007c0000000)
  eden space 809984K, 0% used [0x000000076ab00000,0x000000076ab00000,0x000000079c200000)
  from space 243712K, 63% used [0x00000007b1200000,0x00000007ba822920,0x00000007c0000000)
  to   space 293888K, 0% used [0x000000079c200000,0x000000079c200000,0x00000007ae100000)
 ParOldGen       total 1000448K, used 1000292K [0x00000006c0000000, 0x00000006fd100000, 0x000000076ab00000)
  object space 1000448K, 99% used [0x00000006c0000000,0x00000006fd0d9198,0x00000006fd100000)
 Metaspace       used 7078K, capacity 7608K, committed 7936K, reserved 1056768K
  class space    used 652K, capacity 688K, committed 768K, reserved 1048576K

