# JRE version: Java(TM) SE Runtime Environment (8.0_121-b13) (build 1.8.0_121-b13)
# Java VM: Java HotSpot(TM) 64-Bit Server VM (25.121-b13 mixed mode linux-amd64 compressed oops)
Heap:
 PSYoungGen      total 953344K, used 0K [0x000000076ab00000, 0x00000007c0000000, 0x00000007c0000000)
  eden space 667648K, 0% used [0x000000076ab00000,0x000000076ab00000,0x0000000793700000)
  from space 285696K, 0% used [0x00000007ae900000,0x00000007ae900000,0x00000007c0000000)
  to   space 365056K, 0% used [0x0000000793700000,0x0000000793700000,0x00000007a9b80000)
 ParOldGen       total 991744K, used 908718K [0x00000006c0000000, 0x00000006fc880000, 0x000000076ab00000)
  object space 991744K, 91% used [0x00000006c0000000,0x00000006f776b9e8,0x00000006fc880000)
 Metaspace       used 7088K, capacity 7672K, committed 7936K, reserved 1056768K
  class space    used 651K, capacity 688K, committed 768K, reserved 1048576K
GC Heap History (10 events):
Event: 12.551 GC heap after
Heap after GC invocations=19 (full 4):
 PSYoungGen      total 1000960K, used 206327K [0x000000076ab00000, 0x00000007c0000000, 0x00000007c0000000)
  eden space 794624K, 0% used [0x000000076ab00000,0x000000076ab00000,0x000000079b300000)
  from space 206336K, 99% used [0x000000079b300000,0x00000007a7c7de70,0x00000007a7c80000)
  to   space 246272K, 0% used [0x00000007b0f80000,0x00000007b0f80000,0x00000007c0000000)
 ParOldGen       total 694272K, used 472693K [0x00000006c0000000, 0x00000006ea600000, 0x000000076ab00000)
  object space 694272K, 68% used [0x00000006c0000000,0x00000006dcd9d528,0x00000006ea600000)
 Metaspace       used 6721K, capacity 7320K, committed 7680K, reserved 1056768K
  class space    used 631K, capacity 656K, committed 768K, reserved 1048576K
}
Event: 13.579 GC heap before
{Heap before GC invocations=20 (full 4):
 PSYoungGen      total 1000960K, used 1000951K [0x000000076ab00000, 0x00000007c0000000, 0x00000007c0000000)
  eden space 794624K, 100% used [0x000000076ab00000,0x000000079b300000,0x000000079b300000)
  from space 206336K, 99% used [0x000000079b300000,0x00000007a7c7de70,0x00000007a7c80000)
  to   space 246272K, 0% used [0x00000007b0f80000,0x00000007b0f80000,0x00000007c0000000)
 ParOldGen       total 694272K, used 472693K [0x00000006c0000000, 0x00000006ea600000, 0x000000076ab00000)
  object space 694272K, 68% used [0x00000006c0000000,0x00000006dcd9d528,0x00000006ea600000)
 Metaspace       used 6827K, capacity 7384K, committed 7680K, reserved 1056768K
  class space    used 637K, capacity 656K, committed 768K, reserved 1048576K
Event: 14.279 GC heap after
Heap after GC invocations=20 (full 4):
 PSYoungGen      total 1072640K, used 238380K [0x000000076ab00000, 0x00000007c0000000, 0x00000007c0000000)
  eden space 826368K, 0% used [0x000000076ab00000,0x000000076ab00000,0x000000079d200000)
  from space 246272K, 96% used [0x00000007b0f80000,0x00000007bf84b180,0x00000007c0000000)
  to   space 285696K, 0% used [0x000000079d200000,0x000000079d200000,0x00000007ae900000)
 ParOldGen       total 694272K, used 559087K [0x00000006c0000000, 0x00000006ea600000, 0x000000076ab00000)
  object space 694272K, 80% used [0x00000006c0000000,0x00000006e21fbd10,0x00000006ea600000)
 Metaspace       used 6827K, capacity 7384K, committed 7680K, reserved 1056768K
  class space    used 637K, capacity 656K, committed 768K, reserved 1048576K
}
Event: 15.412 GC heap before
{Heap before GC invocations=21 (full 4):
 PSYoungGen      total 1072640K, used 1064748K [0x000000076ab00000, 0x00000007c0000000, 0x00000007c0000000)
  eden space 826368K, 100% used [0x000000076ab00000,0x000000079d200000,0x000000079d200000)
  from space 246272K, 96% used [0x00000007b0f80000,0x00000007bf84b180,0x00000007c0000000)
  to   space 285696K, 0% used [0x000000079d200000,0x000000079d200000,0x00000007ae900000)
 ParOldGen       total 694272K, used 559087K [0x00000006c0000000, 0x00000006ea600000, 0x000000076ab00000)
  object space 694272K, 80% used [0x00000006c0000000,0x00000006e21fbd10,0x00000006ea600000)
 Metaspace       used 6857K, capacity 7384K, committed 7680K, reserved 1056768K
  class space    used 639K, capacity 656K, committed 768K, reserved 1048576K
Event: 15.700 GC heap after
Heap after GC invocations=21 (full 4):
 PSYoungGen      total 1112064K, used 285678K [0x000000076ab00000, 0x00000007c0000000, 0x00000007c0000000)
  eden space 826368K, 0% used [0x000000076ab00000,0x000000076ab00000,0x000000079d200000)
  from space 285696K, 99% used [0x000000079d200000,0x00000007ae8fbb78,0x00000007ae900000)
  to   space 285696K, 0% used [0x00000007ae900000,0x00000007ae900000,0x00000007c0000000)
 ParOldGen       total 694272K, used 640323K [0x00000006c0000000, 0x00000006ea600000, 0x000000076ab00000)
  object space 694272K, 92% used [0x00000006c0000000,0x00000006e7150eb8,0x00000006ea600000)
 Metaspace       used 6857K, capacity 7384K, committed 7680K, reserved 1056768K
  class space    used 639K, capacity 656K, committed 768K, reserved 1048576K
}
Event: 15.700 GC heap before
{Heap before GC invocations=22 (full 5):
 PSYoungGen      total 1112064K, used 285678K [0x000000076ab00000, 0x00000007c0000000, 0x00000007c0000000)
  eden space 826368K, 0% used [0x000000076ab00000,0x000000076ab00000,0x000000079d200000)
  from space 285696K, 99% used [0x000000079d200000,0x00000007ae8fbb78,0x00000007ae900000)
  to   space 285696K, 0% used [0x00000007ae900000,0x00000007ae900000,0x00000007c0000000)
 ParOldGen       total 694272K, used 640323K [0x00000006c0000000, 0x00000006ea600000, 0x000000076ab00000)
  object space 694272K, 92% used [0x00000006c0000000,0x00000006e7150eb8,0x00000006ea600000)
 Metaspace       used 6857K, capacity 7384K, committed 7680K, reserved 1056768K
  class space    used 639K, capacity 656K, committed 768K, reserved 1048576K
Event: 18.642 GC heap after
Heap after GC invocations=22 (full 5):
 PSYoungGen      total 1112064K, used 216284K [0x000000076ab00000, 0x00000007c0000000, 0x00000007c0000000)
  eden space 826368K, 0% used [0x000000076ab00000,0x000000076ab00000,0x000000079d200000)
  from space 285696K, 75% used [0x000000079d200000,0x00000007aa537210,0x00000007ae900000)
  to   space 285696K, 0% used [0x00000007ae900000,0x00000007ae900000,0x00000007c0000000)
 ParOldGen       total 991744K, used 694079K [0x00000006c0000000, 0x00000006fc880000, 0x000000076ab00000)
  object space 991744K, 69% used [0x00000006c0000000,0x00000006ea5cfd70,0x00000006fc880000)
 Metaspace       used 6857K, capacity 7384K, committed 7680K, reserved 1056768K
  class space    used 639K, capacity 656K, committed 768K, reserved 1048576K
}
Event: 19.779 GC heap before
{Heap before GC invocations=23 (full 5):
 PSYoungGen      total 1112064K, used 1042652K [0x000000076ab00000, 0x00000007c0000000, 0x00000007c0000000)
  eden space 826368K, 100% used [0x000000076ab00000,0x000000079d200000,0x000000079d200000)
  from space 285696K, 75% used [0x000000079d200000,0x00000007aa537210,0x00000007ae900000)
  to   space 285696K, 0% used [0x00000007ae900000,0x00000007ae900000,0x00000007c0000000)
 ParOldGen       total 991744K, used 694079K [0x00000006c0000000, 0x00000006fc880000, 0x000000076ab00000)
  object space 991744K, 69% used [0x00000006c0000000,0x00000006ea5cfd70,0x00000006fc880000)
 Metaspace       used 7088K, capacity 7672K, committed 7936K, reserved 1056768K
  class space    used 651K, capacity 688K, committed 768K, reserved 1048576K
Event: 20.264 GC heap after
Heap after GC invocations=23 (full 5):
 PSYoungGen      total 953344K, used 193246K [0x000000076ab00000, 0x00000007c0000000, 0x00000007c0000000)
  eden space 667648K, 0% used [0x000000076ab00000,0x000000076ab00000,0x0000000793700000)
  from space 285696K, 67% used [0x00000007ae900000,0x00000007ba5b7bb8,0x00000007c0000000)
  to   space 365056K, 0% used [0x0000000793700000,0x0000000793700000,0x00000007a9b80000)
 ParOldGen       total 991744K, used 859484K [0x00000006c0000000, 0x00000006fc880000, 0x000000076ab00000)
  object space 991744K, 86% used [0x00000006c0000000,0x00000006f4757038,0x00000006fc880000)
 Metaspace       used 7088K, capacity 7672K, committed 7936K, reserved 1056768K
  class space    used 651K, capacity 688K, committed 768K, reserved 1048576K
}
Event: 20.264 GC heap before
{Heap before GC invocations=24 (full 6):
 PSYoungGen      total 953344K, used 193246K [0x000000076ab00000, 0x00000007c0000000, 0x00000007c0000000)
  eden space 667648K, 0% used [0x000000076ab00000,0x000000076ab00000,0x0000000793700000)
  from space 285696K, 67% used [0x00000007ae900000,0x00000007ba5b7bb8,0x00000007c0000000)
  to   space 365056K, 0% used [0x0000000793700000,0x0000000793700000,0x00000007a9b80000)
 ParOldGen       total 991744K, used 859484K [0x00000006c0000000, 0x00000006fc880000, 0x000000076ab00000)
  object space 991744K, 86% used [0x00000006c0000000,0x00000006f4757038,0x00000006fc880000)
 Metaspace       used 7088K, capacity 7672K, committed 7936K, reserved 1056768K
  class space    used 651K, capacity 688K, committed 768K, reserved 1048576K

