# JRE version: OpenJDK Runtime Environment (8.0_152-b01) (build 1.8.0_152-release-915-b01)
# Java VM: OpenJDK 64-Bit Server VM (25.152-b01 mixed mode linux-amd64 compressed oops)
Heap:
 PSYoungGen      total 985600K, used 131990K [0x000000076ab00000, 0x00000007c0000000, 0x00000007c0000000)
  eden space 802816K, 0% used [0x000000076ab00000,0x000000076ab00000,0x000000079bb00000)
  from space 182784K, 72% used [0x000000079bb00000,0x00000007a3be5990,0x00000007a6d80000)
  to   space 288256K, 0% used [0x00000007ae680000,0x00000007ae680000,0x00000007c0000000)
 ParOldGen       total 688640K, used 688244K [0x00000006c0000000, 0x00000006ea080000, 0x000000076ab00000)
  object space 688640K, 99% used [0x00000006c0000000,0x00000006ea01d138,0x00000006ea080000)
 Metaspace       used 6760K, capacity 7384K, committed 7680K, reserved 1056768K
  class space    used 620K, capacity 656K, committed 768K, reserved 1048576K
GC Heap History (10 events):
Event: 9.435 GC heap after
Heap after GC invocations=15 (full 3):
 PSYoungGen      total 794624K, used 108616K [0x000000076ab00000, 0x00000007aaa00000, 0x00000007c0000000)
  eden space 674816K, 0% used [0x000000076ab00000,0x000000076ab00000,0x0000000793e00000)
  from space 119808K, 90% used [0x000000079db00000,0x00000007a45123a8,0x00000007a5000000)
  to   space 160768K, 0% used [0x0000000793e00000,0x0000000793e00000,0x000000079db00000)
 ParOldGen       total 445440K, used 274756K [0x00000006c0000000, 0x00000006db300000, 0x000000076ab00000)
  object space 445440K, 61% used [0x00000006c0000000,0x00000006d0c512c8,0x00000006db300000)
 Metaspace       used 6740K, capacity 7384K, committed 7680K, reserved 1056768K
  class space    used 618K, capacity 656K, committed 768K, reserved 1048576K
}
Event: 10.453 GC heap before
{Heap before GC invocations=16 (full 3):
 PSYoungGen      total 794624K, used 783432K [0x000000076ab00000, 0x00000007aaa00000, 0x00000007c0000000)
  eden space 674816K, 100% used [0x000000076ab00000,0x0000000793e00000,0x0000000793e00000)
  from space 119808K, 90% used [0x000000079db00000,0x00000007a45123a8,0x00000007a5000000)
  to   space 160768K, 0% used [0x0000000793e00000,0x0000000793e00000,0x000000079db00000)
 ParOldGen       total 445440K, used 274756K [0x00000006c0000000, 0x00000006db300000, 0x000000076ab00000)
  object space 445440K, 61% used [0x00000006c0000000,0x00000006d0c512c8,0x00000006db300000)
 Metaspace       used 6745K, capacity 7384K, committed 7680K, reserved 1056768K
  class space    used 619K, capacity 656K, committed 768K, reserved 1048576K
Event: 10.659 GC heap after
Heap after GC invocations=16 (full 3):
 PSYoungGen      total 835584K, used 103172K [0x000000076ab00000, 0x00000007b1b00000, 0x00000007c0000000)
  eden space 674816K, 0% used [0x000000076ab00000,0x000000076ab00000,0x0000000793e00000)
  from space 160768K, 64% used [0x0000000793e00000,0x000000079a2c1278,0x000000079db00000)
  to   space 167936K, 0% used [0x00000007a7700000,0x00000007a7700000,0x00000007b1b00000)
 ParOldGen       total 445440K, used 384236K [0x00000006c0000000, 0x00000006db300000, 0x000000076ab00000)
  object space 445440K, 86% used [0x00000006c0000000,0x00000006d773b0f8,0x00000006db300000)
 Metaspace       used 6745K, capacity 7384K, committed 7680K, reserved 1056768K
  class space    used 619K, capacity 656K, committed 768K, reserved 1048576K
}
Event: 10.659 GC heap before
{Heap before GC invocations=17 (full 4):
 PSYoungGen      total 835584K, used 103172K [0x000000076ab00000, 0x00000007b1b00000, 0x00000007c0000000)
  eden space 674816K, 0% used [0x000000076ab00000,0x000000076ab00000,0x0000000793e00000)
  from space 160768K, 64% used [0x0000000793e00000,0x000000079a2c1278,0x000000079db00000)
  to   space 167936K, 0% used [0x00000007a7700000,0x00000007a7700000,0x00000007b1b00000)
 ParOldGen       total 445440K, used 384236K [0x00000006c0000000, 0x00000006db300000, 0x000000076ab00000)
  object space 445440K, 86% used [0x00000006c0000000,0x00000006d773b0f8,0x00000006db300000)
 Metaspace       used 6745K, capacity 7384K, committed 7680K, reserved 1056768K
  class space    used 619K, capacity 656K, committed 768K, reserved 1048576K
Event: 11.509 GC heap after
Heap after GC invocations=17 (full 4):
 PSYoungGen      total 835584K, used 36689K [0x000000076ab00000, 0x00000007b1b00000, 0x00000007c0000000)
  eden space 674816K, 0% used [0x000000076ab00000,0x000000076ab00000,0x0000000793e00000)
  from space 160768K, 22% used [0x0000000793e00000,0x00000007961d45f0,0x000000079db00000)
  to   space 167936K, 0% used [0x00000007a7700000,0x00000007a7700000,0x00000007b1b00000)
 ParOldGen       total 688640K, used 445324K [0x00000006c0000000, 0x00000006ea080000, 0x000000076ab00000)
  object space 688640K, 64% used [0x00000006c0000000,0x00000006db2e33a8,0x00000006ea080000)
 Metaspace       used 6745K, capacity 7384K, committed 7680K, reserved 1056768K
  class space    used 619K, capacity 656K, committed 768K, reserved 1048576K
}
Event: 12.387 GC heap before
{Heap before GC invocations=18 (full 4):
 PSYoungGen      total 835584K, used 711505K [0x000000076ab00000, 0x00000007b1b00000, 0x00000007c0000000)
  eden space 674816K, 100% used [0x000000076ab00000,0x0000000793e00000,0x0000000793e00000)
  from space 160768K, 22% used [0x0000000793e00000,0x00000007961d45f0,0x000000079db00000)
  to   space 167936K, 0% used [0x00000007a7700000,0x00000007a7700000,0x00000007b1b00000)
 ParOldGen       total 688640K, used 445324K [0x00000006c0000000, 0x00000006ea080000, 0x000000076ab00000)
  object space 688640K, 64% used [0x00000006c0000000,0x00000006db2e33a8,0x00000006ea080000)
 Metaspace       used 6748K, capacity 7384K, committed 7680K, reserved 1056768K
  class space    used 619K, capacity 656K, committed 768K, reserved 1048576K
Event: 12.598 GC heap after
Heap after GC invocations=18 (full 4):
 PSYoungGen      total 970752K, used 129557K [0x000000076ab00000, 0x00000007b2000000, 0x00000007c0000000)
  eden space 802816K, 0% used [0x000000076ab00000,0x000000076ab00000,0x000000079bb00000)
  from space 167936K, 77% used [0x00000007a7700000,0x00000007af5855a8,0x00000007b1b00000)
  to   space 182784K, 0% used [0x000000079bb00000,0x000000079bb00000,0x00000007a6d80000)
 ParOldGen       total 688640K, used 445324K [0x00000006c0000000, 0x00000006ea080000, 0x000000076ab00000)
  object space 688640K, 64% used [0x00000006c0000000,0x00000006db2e33a8,0x00000006ea080000)
 Metaspace       used 6748K, capacity 7384K, committed 7680K, reserved 1056768K
  class space    used 619K, capacity 656K, committed 768K, reserved 1048576K
}
Event: 13.739 GC heap before
{Heap before GC invocations=19 (full 4):
 PSYoungGen      total 970752K, used 932373K [0x000000076ab00000, 0x00000007b2000000, 0x00000007c0000000)
  eden space 802816K, 100% used [0x000000076ab00000,0x000000079bb00000,0x000000079bb00000)
  from space 167936K, 77% used [0x00000007a7700000,0x00000007af5855a8,0x00000007b1b00000)
  to   space 182784K, 0% used [0x000000079bb00000,0x000000079bb00000,0x00000007a6d80000)
 ParOldGen       total 688640K, used 445324K [0x00000006c0000000, 0x00000006ea080000, 0x000000076ab00000)
  object space 688640K, 64% used [0x00000006c0000000,0x00000006db2e33a8,0x00000006ea080000)
 Metaspace       used 6760K, capacity 7384K, committed 7680K, reserved 1056768K
  class space    used 620K, capacity 656K, committed 768K, reserved 1048576K
Event: 14.270 GC heap after
Heap after GC invocations=19 (full 4):
 PSYoungGen      total 985600K, used 182783K [0x000000076ab00000, 0x00000007c0000000, 0x00000007c0000000)
  eden space 802816K, 0% used [0x000000076ab00000,0x000000076ab00000,0x000000079bb00000)
  from space 182784K, 99% used [0x000000079bb00000,0x00000007a6d7fd10,0x00000007a6d80000)
  to   space 288256K, 0% used [0x00000007ae680000,0x00000007ae680000,0x00000007c0000000)
 ParOldGen       total 688640K, used 645618K [0x00000006c0000000, 0x00000006ea080000, 0x000000076ab00000)
  object space 688640K, 93% used [0x00000006c0000000,0x00000006e767c9e8,0x00000006ea080000)
 Metaspace       used 6760K, capacity 7384K, committed 7680K, reserved 1056768K
  class space    used 620K, capacity 656K, committed 768K, reserved 1048576K
}
Event: 14.270 GC heap before
{Heap before GC invocations=20 (full 5):
 PSYoungGen      total 985600K, used 182783K [0x000000076ab00000, 0x00000007c0000000, 0x00000007c0000000)
  eden space 802816K, 0% used [0x000000076ab00000,0x000000076ab00000,0x000000079bb00000)
  from space 182784K, 99% used [0x000000079bb00000,0x00000007a6d7fd10,0x00000007a6d80000)
  to   space 288256K, 0% used [0x00000007ae680000,0x00000007ae680000,0x00000007c0000000)
 ParOldGen       total 688640K, used 645618K [0x00000006c0000000, 0x00000006ea080000, 0x000000076ab00000)
  object space 688640K, 93% used [0x00000006c0000000,0x00000006e767c9e8,0x00000006ea080000)
 Metaspace       used 6760K, capacity 7384K, committed 7680K, reserved 1056768K
  class space    used 620K, capacity 656K, committed 768K, reserved 1048576K

