# JRE version: Java(TM) SE Runtime Environment (8.0_121-b13) (build 1.8.0_121-b13)
# Java VM: Java HotSpot(TM) 64-Bit Server VM (25.121-b13 mixed mode linux-amd64 compressed oops)
Heap:
 PSYoungGen      total 1110528K, used 72447K [0x000000076ab00000, 0x00000007c0000000, 0x00000007c0000000)
  eden space 948224K, 0% used [0x000000076ab00000,0x000000076ab00000,0x00000007a4900000)
  from space 162304K, 44% used [0x00000007b5600000,0x00000007b9cbfd68,0x00000007bf480000)
  to   space 224768K, 0% used [0x00000007a4900000,0x00000007a4900000,0x00000007b2480000)
 ParOldGen       total 559104K, used 559005K [0x00000006c0000000, 0x00000006e2200000, 0x000000076ab00000)
  object space 559104K, 99% used [0x00000006c0000000,0x00000006e21e7528,0x00000006e2200000)
 Metaspace       used 6697K, capacity 7320K, committed 7680K, reserved 1056768K
  class space    used 631K, capacity 656K, committed 768K, reserved 1048576K
GC Heap History (10 events):
Event: 12.642 GC heap after
Heap after GC invocations=14 (full 3):
 PSYoungGen      total 748032K, used 66703K [0x000000076ab00000, 0x00000007afb00000, 0x00000007c0000000)
  eden space 644608K, 0% used [0x000000076ab00000,0x000000076ab00000,0x0000000792080000)
  from space 103424K, 64% used [0x0000000792080000,0x00000007961a3e98,0x0000000798580000)
  to   space 145408K, 0% used [0x00000007a6d00000,0x00000007a6d00000,0x00000007afb00000)
 ParOldGen       total 387072K, used 252656K [0x00000006c0000000, 0x00000006d7a00000, 0x000000076ab00000)
  object space 387072K, 65% used [0x00000006c0000000,0x00000006cf6bc220,0x00000006d7a00000)
 Metaspace       used 6675K, capacity 7320K, committed 7680K, reserved 1056768K
  class space    used 630K, capacity 656K, committed 768K, reserved 1048576K
}
Event: 13.669 GC heap before
{Heap before GC invocations=15 (full 3):
 PSYoungGen      total 748032K, used 711311K [0x000000076ab00000, 0x00000007afb00000, 0x00000007c0000000)
  eden space 644608K, 100% used [0x000000076ab00000,0x0000000792080000,0x0000000792080000)
  from space 103424K, 64% used [0x0000000792080000,0x00000007961a3e98,0x0000000798580000)
  to   space 145408K, 0% used [0x00000007a6d00000,0x00000007a6d00000,0x00000007afb00000)
 ParOldGen       total 387072K, used 252656K [0x00000006c0000000, 0x00000006d7a00000, 0x000000076ab00000)
  object space 387072K, 65% used [0x00000006c0000000,0x00000006cf6bc220,0x00000006d7a00000)
 Metaspace       used 6684K, capacity 7320K, committed 7680K, reserved 1056768K
  class space    used 631K, capacity 656K, committed 768K, reserved 1048576K
Event: 14.086 GC heap after
Heap after GC invocations=15 (full 3):
 PSYoungGen      total 987648K, used 68969K [0x000000076ab00000, 0x00000007afb80000, 0x00000007c0000000)
  eden space 842240K, 0% used [0x000000076ab00000,0x000000076ab00000,0x000000079e180000)
  from space 145408K, 47% used [0x00000007a6d00000,0x00000007ab05a500,0x00000007afb00000)
  to   space 142848K, 0% used [0x000000079e180000,0x000000079e180000,0x00000007a6d00000)
 ParOldGen       total 387072K, used 320084K [0x00000006c0000000, 0x00000006d7a00000, 0x000000076ab00000)
  object space 387072K, 82% used [0x00000006c0000000,0x00000006d3895300,0x00000006d7a00000)
 Metaspace       used 6684K, capacity 7320K, committed 7680K, reserved 1056768K
  class space    used 631K, capacity 656K, committed 768K, reserved 1048576K
}
Event: 14.086 GC heap before
{Heap before GC invocations=16 (full 4):
 PSYoungGen      total 987648K, used 68969K [0x000000076ab00000, 0x00000007afb80000, 0x00000007c0000000)
  eden space 842240K, 0% used [0x000000076ab00000,0x000000076ab00000,0x000000079e180000)
  from space 145408K, 47% used [0x00000007a6d00000,0x00000007ab05a500,0x00000007afb00000)
  to   space 142848K, 0% used [0x000000079e180000,0x000000079e180000,0x00000007a6d00000)
 ParOldGen       total 387072K, used 320084K [0x00000006c0000000, 0x00000006d7a00000, 0x000000076ab00000)
  object space 387072K, 82% used [0x00000006c0000000,0x00000006d3895300,0x00000006d7a00000)
 Metaspace       used 6684K, capacity 7320K, committed 7680K, reserved 1056768K
  class space    used 631K, capacity 656K, committed 768K, reserved 1048576K
Event: 14.935 GC heap after
Heap after GC invocations=16 (full 4):
 PSYoungGen      total 987648K, used 0K [0x000000076ab00000, 0x00000007afb80000, 0x00000007c0000000)
  eden space 842240K, 0% used [0x000000076ab00000,0x000000076ab00000,0x000000079e180000)
  from space 145408K, 0% used [0x00000007a6d00000,0x00000007a6d00000,0x00000007afb00000)
  to   space 142848K, 0% used [0x000000079e180000,0x000000079e180000,0x00000007a6d00000)
 ParOldGen       total 559104K, used 381588K [0x00000006c0000000, 0x00000006e2200000, 0x000000076ab00000)
  object space 559104K, 68% used [0x00000006c0000000,0x00000006d74a5070,0x00000006e2200000)
 Metaspace       used 6684K, capacity 7320K, committed 7680K, reserved 1056768K
  class space    used 631K, capacity 656K, committed 768K, reserved 1048576K
}
Event: 16.858 GC heap before
{Heap before GC invocations=17 (full 4):
 PSYoungGen      total 987648K, used 842240K [0x000000076ab00000, 0x00000007afb80000, 0x00000007c0000000)
  eden space 842240K, 100% used [0x000000076ab00000,0x000000079e180000,0x000000079e180000)
  from space 145408K, 0% used [0x00000007a6d00000,0x00000007a6d00000,0x00000007afb00000)
  to   space 142848K, 0% used [0x000000079e180000,0x000000079e180000,0x00000007a6d00000)
 ParOldGen       total 559104K, used 381588K [0x00000006c0000000, 0x00000006e2200000, 0x000000076ab00000)
  object space 559104K, 68% used [0x00000006c0000000,0x00000006d74a5070,0x00000006e2200000)
 Metaspace       used 6687K, capacity 7320K, committed 7680K, reserved 1056768K
  class space    used 631K, capacity 656K, committed 768K, reserved 1048576K
Event: 17.264 GC heap after
Heap after GC invocations=17 (full 4):
 PSYoungGen      total 985088K, used 128410K [0x000000076ab00000, 0x00000007bf480000, 0x00000007c0000000)
  eden space 842240K, 0% used [0x000000076ab00000,0x000000076ab00000,0x000000079e180000)
  from space 142848K, 89% used [0x000000079e180000,0x00000007a5ee6bb0,0x00000007a6d00000)
  to   space 162304K, 0% used [0x00000007b5600000,0x00000007b5600000,0x00000007bf480000)
 ParOldGen       total 559104K, used 381588K [0x00000006c0000000, 0x00000006e2200000, 0x000000076ab00000)
  object space 559104K, 68% used [0x00000006c0000000,0x00000006d74a5070,0x00000006e2200000)
 Metaspace       used 6687K, capacity 7320K, committed 7680K, reserved 1056768K
  class space    used 631K, capacity 656K, committed 768K, reserved 1048576K
}
Event: 18.737 GC heap before
{Heap before GC invocations=18 (full 4):
 PSYoungGen      total 985088K, used 970650K [0x000000076ab00000, 0x00000007bf480000, 0x00000007c0000000)
  eden space 842240K, 100% used [0x000000076ab00000,0x000000079e180000,0x000000079e180000)
  from space 142848K, 89% used [0x000000079e180000,0x00000007a5ee6bb0,0x00000007a6d00000)
  to   space 162304K, 0% used [0x00000007b5600000,0x00000007b5600000,0x00000007bf480000)
 ParOldGen       total 559104K, used 381588K [0x00000006c0000000, 0x00000006e2200000, 0x000000076ab00000)
  object space 559104K, 68% used [0x00000006c0000000,0x00000006d74a5070,0x00000006e2200000)
 Metaspace       used 6697K, capacity 7320K, committed 7680K, reserved 1056768K
  class space    used 631K, capacity 656K, committed 768K, reserved 1048576K
Event: 19.571 GC heap after
Heap after GC invocations=18 (full 4):
 PSYoungGen      total 1110528K, used 162290K [0x000000076ab00000, 0x00000007c0000000, 0x00000007c0000000)
  eden space 948224K, 0% used [0x000000076ab00000,0x000000076ab00000,0x00000007a4900000)
  from space 162304K, 99% used [0x00000007b5600000,0x00000007bf47c9b0,0x00000007bf480000)
  to   space 224768K, 0% used [0x00000007a4900000,0x00000007a4900000,0x00000007b2480000)
 ParOldGen       total 559104K, used 475097K [0x00000006c0000000, 0x00000006e2200000, 0x000000076ab00000)
  object space 559104K, 84% used [0x00000006c0000000,0x00000006dcff66d8,0x00000006e2200000)
 Metaspace       used 6697K, capacity 7320K, committed 7680K, reserved 1056768K
  class space    used 631K, capacity 656K, committed 768K, reserved 1048576K
}
Event: 19.571 GC heap before
{Heap before GC invocations=19 (full 5):
 PSYoungGen      total 1110528K, used 162290K [0x000000076ab00000, 0x00000007c0000000, 0x00000007c0000000)
  eden space 948224K, 0% used [0x000000076ab00000,0x000000076ab00000,0x00000007a4900000)
  from space 162304K, 99% used [0x00000007b5600000,0x00000007bf47c9b0,0x00000007bf480000)
  to   space 224768K, 0% used [0x00000007a4900000,0x00000007a4900000,0x00000007b2480000)
 ParOldGen       total 559104K, used 475097K [0x00000006c0000000, 0x00000006e2200000, 0x000000076ab00000)
  object space 559104K, 84% used [0x00000006c0000000,0x00000006dcff66d8,0x00000006e2200000)
 Metaspace       used 6697K, capacity 7320K, committed 7680K, reserved 1056768K
  class space    used 631K, capacity 656K, committed 768K, reserved 1048576K

