# JRE version: Java(TM) SE Runtime Environment (8.0_121-b13) (build 1.8.0_121-b13)
# Java VM: Java HotSpot(TM) 64-Bit Server VM (25.121-b13 mixed mode linux-amd64 compressed oops)
Heap:
 PSYoungGen      total 1176064K, used 130376K [0x000000076ab00000, 0x00000007c0000000, 0x00000007c0000000)
  eden space 982016K, 0% used [0x000000076ab00000,0x000000076ab00000,0x00000007a6a00000)
  from space 194048K, 67% used [0x00000007b4280000,0x00000007bc1d2260,0x00000007c0000000)
  to   space 207872K, 0% used [0x00000007a6a00000,0x00000007a6a00000,0x00000007b3500000)
 ParOldGen       total 726016K, used 725738K [0x00000006c0000000, 0x00000006ec500000, 0x000000076ab00000)
  object space 726016K, 99% used [0x00000006c0000000,0x00000006ec4ba920,0x00000006ec500000)
 Metaspace       used 6820K, capacity 7384K, committed 7680K, reserved 1056768K
  class space    used 638K, capacity 656K, committed 768K, reserved 1048576K
GC Heap History (10 events):
Event: 12.994 GC heap after
Heap after GC invocations=16 (full 3):
 PSYoungGen      total 881664K, used 127989K [0x000000076ab00000, 0x00000007b9080000, 0x00000007c0000000)
  eden space 753664K, 0% used [0x000000076ab00000,0x000000076ab00000,0x0000000798b00000)
  from space 128000K, 99% used [0x0000000798b00000,0x00000007a07fd610,0x00000007a0800000)
  to   space 166400K, 0% used [0x00000007aee00000,0x00000007aee00000,0x00000007b9080000)
 ParOldGen       total 434688K, used 358073K [0x00000006c0000000, 0x00000006da880000, 0x000000076ab00000)
  object space 434688K, 82% used [0x00000006c0000000,0x00000006d5dae4f0,0x00000006da880000)
 Metaspace       used 6691K, capacity 7320K, committed 7680K, reserved 1056768K
  class space    used 631K, capacity 656K, committed 768K, reserved 1048576K
}
Event: 14.169 GC heap before
{Heap before GC invocations=17 (full 3):
 PSYoungGen      total 881664K, used 881653K [0x000000076ab00000, 0x00000007b9080000, 0x00000007c0000000)
  eden space 753664K, 100% used [0x000000076ab00000,0x0000000798b00000,0x0000000798b00000)
  from space 128000K, 99% used [0x0000000798b00000,0x00000007a07fd610,0x00000007a0800000)
  to   space 166400K, 0% used [0x00000007aee00000,0x00000007aee00000,0x00000007b9080000)
 ParOldGen       total 434688K, used 358073K [0x00000006c0000000, 0x00000006da880000, 0x000000076ab00000)
  object space 434688K, 82% used [0x00000006c0000000,0x00000006d5dae4f0,0x00000006da880000)
 Metaspace       used 6699K, capacity 7320K, committed 7680K, reserved 1056768K
  class space    used 631K, capacity 656K, committed 768K, reserved 1048576K
Event: 14.918 GC heap after
Heap after GC invocations=17 (full 3):
 PSYoungGen      total 1106432K, used 118002K [0x000000076ab00000, 0x00000007bc400000, 0x00000007c0000000)
  eden space 940032K, 0% used [0x000000076ab00000,0x000000076ab00000,0x00000007a4100000)
  from space 166400K, 70% used [0x00000007aee00000,0x00000007b613c868,0x00000007b9080000)
  to   space 177152K, 0% used [0x00000007a4100000,0x00000007a4100000,0x00000007aee00000)
 ParOldGen       total 486400K, used 486107K [0x00000006c0000000, 0x00000006ddb00000, 0x000000076ab00000)
  object space 486400K, 99% used [0x00000006c0000000,0x00000006ddab6c50,0x00000006ddb00000)
 Metaspace       used 6699K, capacity 7320K, committed 7680K, reserved 1056768K
  class space    used 631K, capacity 656K, committed 768K, reserved 1048576K
}
Event: 14.918 GC heap before
{Heap before GC invocations=18 (full 4):
 PSYoungGen      total 1106432K, used 118002K [0x000000076ab00000, 0x00000007bc400000, 0x00000007c0000000)
  eden space 940032K, 0% used [0x000000076ab00000,0x000000076ab00000,0x00000007a4100000)
  from space 166400K, 70% used [0x00000007aee00000,0x00000007b613c868,0x00000007b9080000)
  to   space 177152K, 0% used [0x00000007a4100000,0x00000007a4100000,0x00000007aee00000)
 ParOldGen       total 486400K, used 486107K [0x00000006c0000000, 0x00000006ddb00000, 0x000000076ab00000)
  object space 486400K, 99% used [0x00000006c0000000,0x00000006ddab6c50,0x00000006ddb00000)
 Metaspace       used 6699K, capacity 7320K, committed 7680K, reserved 1056768K
  class space    used 631K, capacity 656K, committed 768K, reserved 1048576K
Event: 16.425 GC heap after
Heap after GC invocations=18 (full 4):
 PSYoungGen      total 1106432K, used 105546K [0x000000076ab00000, 0x00000007bc400000, 0x00000007c0000000)
  eden space 940032K, 0% used [0x000000076ab00000,0x000000076ab00000,0x00000007a4100000)
  from space 166400K, 63% used [0x00000007aee00000,0x00000007b5512898,0x00000007b9080000)
  to   space 177152K, 0% used [0x00000007a4100000,0x00000007a4100000,0x00000007aee00000)
 ParOldGen       total 718336K, used 486276K [0x00000006c0000000, 0x00000006ebd80000, 0x000000076ab00000)
  object space 718336K, 67% used [0x00000006c0000000,0x00000006ddae1388,0x00000006ebd80000)
 Metaspace       used 6699K, capacity 7320K, committed 7680K, reserved 1056768K
  class space    used 631K, capacity 656K, committed 768K, reserved 1048576K
}
Event: 18.017 GC heap before
{Heap before GC invocations=19 (full 4):
 PSYoungGen      total 1106432K, used 1045578K [0x000000076ab00000, 0x00000007bc400000, 0x00000007c0000000)
  eden space 940032K, 100% used [0x000000076ab00000,0x00000007a4100000,0x00000007a4100000)
  from space 166400K, 63% used [0x00000007aee00000,0x00000007b5512898,0x00000007b9080000)
  to   space 177152K, 0% used [0x00000007a4100000,0x00000007a4100000,0x00000007aee00000)
 ParOldGen       total 718336K, used 486276K [0x00000006c0000000, 0x00000006ebd80000, 0x000000076ab00000)
  object space 718336K, 67% used [0x00000006c0000000,0x00000006ddae1388,0x00000006ebd80000)
 Metaspace       used 6703K, capacity 7320K, committed 7680K, reserved 1056768K
  class space    used 631K, capacity 656K, committed 768K, reserved 1048576K
Event: 18.775 GC heap after
Heap after GC invocations=19 (full 4):
 PSYoungGen      total 1117184K, used 141774K [0x000000076ab00000, 0x00000007c0000000, 0x00000007c0000000)
  eden space 940032K, 0% used [0x000000076ab00000,0x000000076ab00000,0x00000007a4100000)
  from space 177152K, 80% used [0x00000007a4100000,0x00000007acb73a10,0x00000007aee00000)
  to   space 194048K, 0% used [0x00000007b4280000,0x00000007b4280000,0x00000007c0000000)
 ParOldGen       total 718336K, used 588717K [0x00000006c0000000, 0x00000006ebd80000, 0x000000076ab00000)
  object space 718336K, 81% used [0x00000006c0000000,0x00000006e3eeb4b0,0x00000006ebd80000)
 Metaspace       used 6703K, capacity 7320K, committed 7680K, reserved 1056768K
  class space    used 631K, capacity 656K, committed 768K, reserved 1048576K
}
Event: 20.433 GC heap before
{Heap before GC invocations=20 (full 4):
 PSYoungGen      total 1117184K, used 1081806K [0x000000076ab00000, 0x00000007c0000000, 0x00000007c0000000)
  eden space 940032K, 100% used [0x000000076ab00000,0x00000007a4100000,0x00000007a4100000)
  from space 177152K, 80% used [0x00000007a4100000,0x00000007acb73a10,0x00000007aee00000)
  to   space 194048K, 0% used [0x00000007b4280000,0x00000007b4280000,0x00000007c0000000)
 ParOldGen       total 718336K, used 588717K [0x00000006c0000000, 0x00000006ebd80000, 0x000000076ab00000)
  object space 718336K, 81% used [0x00000006c0000000,0x00000006e3eeb4b0,0x00000006ebd80000)
 Metaspace       used 6820K, capacity 7384K, committed 7680K, reserved 1056768K
  class space    used 638K, capacity 656K, committed 768K, reserved 1048576K
Event: 21.205 GC heap after
Heap after GC invocations=20 (full 4):
 PSYoungGen      total 1176064K, used 143110K [0x000000076ab00000, 0x00000007c0000000, 0x00000007c0000000)
  eden space 982016K, 0% used [0x000000076ab00000,0x000000076ab00000,0x00000007a6a00000)
  from space 194048K, 73% used [0x00000007b4280000,0x00000007bce41b40,0x00000007c0000000)
  to   space 207872K, 0% used [0x00000007a6a00000,0x00000007a6a00000,0x00000007b3500000)
 ParOldGen       total 726016K, used 725362K [0x00000006c0000000, 0x00000006ec500000, 0x000000076ab00000)
  object space 726016K, 99% used [0x00000006c0000000,0x00000006ec45cbb8,0x00000006ec500000)
 Metaspace       used 6820K, capacity 7384K, committed 7680K, reserved 1056768K
  class space    used 638K, capacity 656K, committed 768K, reserved 1048576K
}
Event: 21.206 GC heap before
{Heap before GC invocations=21 (full 5):
 PSYoungGen      total 1176064K, used 143110K [0x000000076ab00000, 0x00000007c0000000, 0x00000007c0000000)
  eden space 982016K, 0% used [0x000000076ab00000,0x000000076ab00000,0x00000007a6a00000)
  from space 194048K, 73% used [0x00000007b4280000,0x00000007bce41b40,0x00000007c0000000)
  to   space 207872K, 0% used [0x00000007a6a00000,0x00000007a6a00000,0x00000007b3500000)
 ParOldGen       total 726016K, used 725362K [0x00000006c0000000, 0x00000006ec500000, 0x000000076ab00000)
  object space 726016K, 99% used [0x00000006c0000000,0x00000006ec45cbb8,0x00000006ec500000)
 Metaspace       used 6820K, capacity 7384K, committed 7680K, reserved 1056768K
  class space    used 638K, capacity 656K, committed 768K, reserved 1048576K

