# JRE version: Java(TM) SE Runtime Environment (8.0_121-b13) (build 1.8.0_121-b13)
# Java VM: Java HotSpot(TM) 64-Bit Server VM (25.121-b13 mixed mode linux-amd64 compressed oops)
Heap:
 PSYoungGen      total 1149952K, used 62172K [0x000000076ab00000, 0x00000007c0000000, 0x00000007c0000000)
  eden space 902144K, 0% used [0x000000076ab00000,0x000000076ab00000,0x00000007a1c00000)
  from space 247808K, 25% used [0x00000007a1c00000,0x00000007a58b7088,0x00000007b0e00000)
  to   space 247808K, 0% used [0x00000007b0e00000,0x00000007b0e00000,0x00000007c0000000)
 ParOldGen       total 859136K, used 858673K [0x00000006c0000000, 0x00000006f4700000, 0x000000076ab00000)
  object space 859136K, 99% used [0x00000006c0000000,0x00000006f468c458,0x00000006f4700000)
 Metaspace       used 7089K, capacity 7672K, committed 7936K, reserved 1056768K
  class space    used 652K, capacity 688K, committed 768K, reserved 1048576K
GC Heap History (10 events):
Event: 11.319 GC heap after
Heap after GC invocations=18 (full 4):
 PSYoungGen      total 1156608K, used 120058K [0x000000076ab00000, 0x00000007bd080000, 0x00000007c0000000)
  eden space 988160K, 0% used [0x000000076ab00000,0x000000076ab00000,0x00000007a7000000)
  from space 168448K, 71% used [0x00000007b1f80000,0x00000007b94bead0,0x00000007bc400000)
  to   space 179712K, 0% used [0x00000007a7000000,0x00000007a7000000,0x00000007b1f80000)
 ParOldGen       total 616448K, used 482709K [0x00000006c0000000, 0x00000006e5a00000, 0x000000076ab00000)
  object space 616448K, 78% used [0x00000006c0000000,0x00000006dd765608,0x00000006e5a00000)
 Metaspace       used 6712K, capacity 7320K, committed 7680K, reserved 1056768K
  class space    used 631K, capacity 656K, committed 768K, reserved 1048576K
}
Event: 12.650 GC heap before
{Heap before GC invocations=19 (full 4):
 PSYoungGen      total 1156608K, used 1108218K [0x000000076ab00000, 0x00000007bd080000, 0x00000007c0000000)
  eden space 988160K, 100% used [0x000000076ab00000,0x00000007a7000000,0x00000007a7000000)
  from space 168448K, 71% used [0x00000007b1f80000,0x00000007b94bead0,0x00000007bc400000)
  to   space 179712K, 0% used [0x00000007a7000000,0x00000007a7000000,0x00000007b1f80000)
 ParOldGen       total 616448K, used 482709K [0x00000006c0000000, 0x00000006e5a00000, 0x000000076ab00000)
  object space 616448K, 78% used [0x00000006c0000000,0x00000006dd765608,0x00000006e5a00000)
 Metaspace       used 6716K, capacity 7320K, committed 7680K, reserved 1056768K
  class space    used 631K, capacity 656K, committed 768K, reserved 1048576K
Event: 13.211 GC heap after
Heap after GC invocations=19 (full 4):
 PSYoungGen      total 1167872K, used 179703K [0x000000076ab00000, 0x00000007c0000000, 0x00000007c0000000)
  eden space 988160K, 0% used [0x000000076ab00000,0x000000076ab00000,0x00000007a7000000)
  from space 179712K, 99% used [0x00000007a7000000,0x00000007b1f7dfa8,0x00000007b1f80000)
  to   space 229888K, 0% used [0x00000007b1f80000,0x00000007b1f80000,0x00000007c0000000)
 ParOldGen       total 616448K, used 564290K [0x00000006c0000000, 0x00000006e5a00000, 0x000000076ab00000)
  object space 616448K, 91% used [0x00000006c0000000,0x00000006e2710818,0x00000006e5a00000)
 Metaspace       used 6716K, capacity 7320K, committed 7680K, reserved 1056768K
  class space    used 631K, capacity 656K, committed 768K, reserved 1048576K
}
Event: 13.211 GC heap before
{Heap before GC invocations=20 (full 5):
 PSYoungGen      total 1167872K, used 179703K [0x000000076ab00000, 0x00000007c0000000, 0x00000007c0000000)
  eden space 988160K, 0% used [0x000000076ab00000,0x000000076ab00000,0x00000007a7000000)
  from space 179712K, 99% used [0x00000007a7000000,0x00000007b1f7dfa8,0x00000007b1f80000)
  to   space 229888K, 0% used [0x00000007b1f80000,0x00000007b1f80000,0x00000007c0000000)
 ParOldGen       total 616448K, used 564290K [0x00000006c0000000, 0x00000006e5a00000, 0x000000076ab00000)
  object space 616448K, 91% used [0x00000006c0000000,0x00000006e2710818,0x00000006e5a00000)
 Metaspace       used 6716K, capacity 7320K, committed 7680K, reserved 1056768K
  class space    used 631K, capacity 656K, committed 768K, reserved 1048576K
Event: 14.599 GC heap after
Heap after GC invocations=20 (full 5):
 PSYoungGen      total 1167872K, used 117819K [0x000000076ab00000, 0x00000007c0000000, 0x00000007c0000000)
  eden space 988160K, 0% used [0x000000076ab00000,0x000000076ab00000,0x00000007a7000000)
  from space 179712K, 65% used [0x00000007a7000000,0x00000007ae30ef68,0x00000007b1f80000)
  to   space 229888K, 0% used [0x00000007b1f80000,0x00000007b1f80000,0x00000007c0000000)
 ParOldGen       total 859136K, used 616366K [0x00000006c0000000, 0x00000006f4700000, 0x000000076ab00000)
  object space 859136K, 71% used [0x00000006c0000000,0x00000006e59eba80,0x00000006f4700000)
 Metaspace       used 6716K, capacity 7320K, committed 7680K, reserved 1056768K
  class space    used 631K, capacity 656K, committed 768K, reserved 1048576K
}
Event: 16.070 GC heap before
{Heap before GC invocations=21 (full 5):
 PSYoungGen      total 1167872K, used 1105979K [0x000000076ab00000, 0x00000007c0000000, 0x00000007c0000000)
  eden space 988160K, 100% used [0x000000076ab00000,0x00000007a7000000,0x00000007a7000000)
  from space 179712K, 65% used [0x00000007a7000000,0x00000007ae30ef68,0x00000007b1f80000)
  to   space 229888K, 0% used [0x00000007b1f80000,0x00000007b1f80000,0x00000007c0000000)
 ParOldGen       total 859136K, used 616366K [0x00000006c0000000, 0x00000006f4700000, 0x000000076ab00000)
  object space 859136K, 71% used [0x00000006c0000000,0x00000006e59eba80,0x00000006f4700000)
 Metaspace       used 6852K, capacity 7384K, committed 7680K, reserved 1056768K
  class space    used 640K, capacity 656K, committed 768K, reserved 1048576K
Event: 16.515 GC heap after
Heap after GC invocations=21 (full 5):
 PSYoungGen      total 1132032K, used 147932K [0x000000076ab00000, 0x00000007c0000000, 0x00000007c0000000)
  eden space 902144K, 0% used [0x000000076ab00000,0x000000076ab00000,0x00000007a1c00000)
  from space 229888K, 64% used [0x00000007b1f80000,0x00000007baff71b8,0x00000007c0000000)
  to   space 247808K, 0% used [0x00000007a1c00000,0x00000007a1c00000,0x00000007b0e00000)
 ParOldGen       total 859136K, used 734136K [0x00000006c0000000, 0x00000006f4700000, 0x000000076ab00000)
  object space 859136K, 85% used [0x00000006c0000000,0x00000006eccee228,0x00000006f4700000)
 Metaspace       used 6852K, capacity 7384K, committed 7680K, reserved 1056768K
  class space    used 640K, capacity 656K, committed 768K, reserved 1048576K
}
Event: 17.804 GC heap before
{Heap before GC invocations=22 (full 5):
 PSYoungGen      total 1132032K, used 1050076K [0x000000076ab00000, 0x00000007c0000000, 0x00000007c0000000)
  eden space 902144K, 100% used [0x000000076ab00000,0x00000007a1c00000,0x00000007a1c00000)
  from space 229888K, 64% used [0x00000007b1f80000,0x00000007baff71b8,0x00000007c0000000)
  to   space 247808K, 0% used [0x00000007a1c00000,0x00000007a1c00000,0x00000007b0e00000)
 ParOldGen       total 859136K, used 734136K [0x00000006c0000000, 0x00000006f4700000, 0x000000076ab00000)
  object space 859136K, 85% used [0x00000006c0000000,0x00000006eccee228,0x00000006f4700000)
 Metaspace       used 7089K, capacity 7672K, committed 7936K, reserved 1056768K
  class space    used 652K, capacity 688K, committed 768K, reserved 1048576K
Event: 18.029 GC heap after
Heap after GC invocations=22 (full 5):
 PSYoungGen      total 1149952K, used 247789K [0x000000076ab00000, 0x00000007c0000000, 0x00000007c0000000)
  eden space 902144K, 0% used [0x000000076ab00000,0x000000076ab00000,0x00000007a1c00000)
  from space 247808K, 99% used [0x00000007a1c00000,0x00000007b0dfb570,0x00000007b0e00000)
  to   space 247808K, 0% used [0x00000007b0e00000,0x00000007b0e00000,0x00000007c0000000)
 ParOldGen       total 859136K, used 760263K [0x00000006c0000000, 0x00000006f4700000, 0x000000076ab00000)
  object space 859136K, 88% used [0x00000006c0000000,0x00000006ee671cc0,0x00000006f4700000)
 Metaspace       used 7089K, capacity 7672K, committed 7936K, reserved 1056768K
  class space    used 652K, capacity 688K, committed 768K, reserved 1048576K
}
Event: 18.029 GC heap before
{Heap before GC invocations=23 (full 6):
 PSYoungGen      total 1149952K, used 247789K [0x000000076ab00000, 0x00000007c0000000, 0x00000007c0000000)
  eden space 902144K, 0% used [0x000000076ab00000,0x000000076ab00000,0x00000007a1c00000)
  from space 247808K, 99% used [0x00000007a1c00000,0x00000007b0dfb570,0x00000007b0e00000)
  to   space 247808K, 0% used [0x00000007b0e00000,0x00000007b0e00000,0x00000007c0000000)
 ParOldGen       total 859136K, used 760263K [0x00000006c0000000, 0x00000006f4700000, 0x000000076ab00000)
  object space 859136K, 88% used [0x00000006c0000000,0x00000006ee671cc0,0x00000006f4700000)
 Metaspace       used 7089K, capacity 7672K, committed 7936K, reserved 1056768K
  class space    used 652K, capacity 688K, committed 768K, reserved 1048576K

