# JRE version: Java(TM) SE Runtime Environment (8.0_121-b13) (build 1.8.0_121-b13)
# Java VM: Java HotSpot(TM) 64-Bit Server VM (25.121-b13 mixed mode linux-amd64 compressed oops)
Heap:
 PSYoungGen      total 1164800K, used 109053K [0x000000076ab00000, 0x00000007c0000000, 0x00000007c0000000)
  eden space 944128K, 0% used [0x000000076ab00000,0x000000076ab00000,0x00000007a4500000)
  from space 220672K, 49% used [0x00000007b2880000,0x00000007b92ff480,0x00000007c0000000)
  to   space 226816K, 0% used [0x00000007a4500000,0x00000007a4500000,0x00000007b2280000)
 ParOldGen       total 712192K, used 711745K [0x00000006c0000000, 0x00000006eb780000, 0x000000076ab00000)
  object space 712192K, 99% used [0x00000006c0000000,0x00000006eb710760,0x00000006eb780000)
 Metaspace       used 6830K, capacity 7384K, committed 7680K, reserved 1056768K
  class space    used 639K, capacity 656K, committed 768K, reserved 1048576K
GC Heap History (10 events):
Event: 9.348 GC heap after
Heap after GC invocations=16 (full 3):
 PSYoungGen      total 846848K, used 127988K [0x000000076ab00000, 0x00000007b5400000, 0x00000007c0000000)
  eden space 718848K, 0% used [0x000000076ab00000,0x000000076ab00000,0x0000000796900000)
  from space 128000K, 99% used [0x0000000796900000,0x000000079e5fd048,0x000000079e600000)
  to   space 163840K, 0% used [0x00000007ab400000,0x00000007ab400000,0x00000007b5400000)
 ParOldGen       total 439808K, used 348040K [0x00000006c0000000, 0x00000006dad80000, 0x000000076ab00000)
  object space 439808K, 79% used [0x00000006c0000000,0x00000006d53e2338,0x00000006dad80000)
 Metaspace       used 6701K, capacity 7320K, committed 7680K, reserved 1056768K
  class space    used 632K, capacity 656K, committed 768K, reserved 1048576K
}
Event: 10.289 GC heap before
{Heap before GC invocations=17 (full 3):
 PSYoungGen      total 846848K, used 846836K [0x000000076ab00000, 0x00000007b5400000, 0x00000007c0000000)
  eden space 718848K, 100% used [0x000000076ab00000,0x0000000796900000,0x0000000796900000)
  from space 128000K, 99% used [0x0000000796900000,0x000000079e5fd048,0x000000079e600000)
  to   space 163840K, 0% used [0x00000007ab400000,0x00000007ab400000,0x00000007b5400000)
 ParOldGen       total 439808K, used 348040K [0x00000006c0000000, 0x00000006dad80000, 0x000000076ab00000)
  object space 439808K, 79% used [0x00000006c0000000,0x00000006d53e2338,0x00000006dad80000)
 Metaspace       used 6707K, capacity 7320K, committed 7680K, reserved 1056768K
  class space    used 632K, capacity 656K, committed 768K, reserved 1048576K
Event: 10.738 GC heap after
Heap after GC invocations=17 (full 3):
 PSYoungGen      total 1049600K, used 108805K [0x000000076ab00000, 0x00000007b7980000, 0x00000007c0000000)
  eden space 885760K, 0% used [0x000000076ab00000,0x000000076ab00000,0x00000007a0c00000)
  from space 163840K, 66% used [0x00000007ab400000,0x00000007b1e41718,0x00000007b5400000)
  to   space 172032K, 0% used [0x00000007a0c00000,0x00000007a0c00000,0x00000007ab400000)
 ParOldGen       total 476672K, used 476168K [0x00000006c0000000, 0x00000006dd180000, 0x000000076ab00000)
  object space 476672K, 99% used [0x00000006c0000000,0x00000006dd102080,0x00000006dd180000)
 Metaspace       used 6707K, capacity 7320K, committed 7680K, reserved 1056768K
  class space    used 632K, capacity 656K, committed 768K, reserved 1048576K
}
Event: 10.738 GC heap before
{Heap before GC invocations=18 (full 4):
 PSYoungGen      total 1049600K, used 108805K [0x000000076ab00000, 0x00000007b7980000, 0x00000007c0000000)
  eden space 885760K, 0% used [0x000000076ab00000,0x000000076ab00000,0x00000007a0c00000)
  from space 163840K, 66% used [0x00000007ab400000,0x00000007b1e41718,0x00000007b5400000)
  to   space 172032K, 0% used [0x00000007a0c00000,0x00000007a0c00000,0x00000007ab400000)
 ParOldGen       total 476672K, used 476168K [0x00000006c0000000, 0x00000006dd180000, 0x000000076ab00000)
  object space 476672K, 99% used [0x00000006c0000000,0x00000006dd102080,0x00000006dd180000)
 Metaspace       used 6707K, capacity 7320K, committed 7680K, reserved 1056768K
  class space    used 632K, capacity 656K, committed 768K, reserved 1048576K
Event: 11.898 GC heap after
Heap after GC invocations=18 (full 4):
 PSYoungGen      total 1049600K, used 96429K [0x000000076ab00000, 0x00000007b7980000, 0x00000007c0000000)
  eden space 885760K, 0% used [0x000000076ab00000,0x000000076ab00000,0x00000007a0c00000)
  from space 163840K, 58% used [0x00000007ab400000,0x00000007b122b7b0,0x00000007b5400000)
  to   space 172032K, 0% used [0x00000007a0c00000,0x00000007a0c00000,0x00000007ab400000)
 ParOldGen       total 712192K, used 476665K [0x00000006c0000000, 0x00000006eb780000, 0x000000076ab00000)
  object space 712192K, 66% used [0x00000006c0000000,0x00000006dd17e7d8,0x00000006eb780000)
 Metaspace       used 6707K, capacity 7320K, committed 7680K, reserved 1056768K
  class space    used 632K, capacity 656K, committed 768K, reserved 1048576K
}
Event: 13.029 GC heap before
{Heap before GC invocations=19 (full 4):
 PSYoungGen      total 1049600K, used 982189K [0x000000076ab00000, 0x00000007b7980000, 0x00000007c0000000)
  eden space 885760K, 100% used [0x000000076ab00000,0x00000007a0c00000,0x00000007a0c00000)
  from space 163840K, 58% used [0x00000007ab400000,0x00000007b122b7b0,0x00000007b5400000)
  to   space 172032K, 0% used [0x00000007a0c00000,0x00000007a0c00000,0x00000007ab400000)
 ParOldGen       total 712192K, used 476665K [0x00000006c0000000, 0x00000006eb780000, 0x000000076ab00000)
  object space 712192K, 66% used [0x00000006c0000000,0x00000006dd17e7d8,0x00000006eb780000)
 Metaspace       used 6713K, capacity 7320K, committed 7680K, reserved 1056768K
  class space    used 632K, capacity 656K, committed 768K, reserved 1048576K
Event: 13.439 GC heap after
Heap after GC invocations=19 (full 4):
 PSYoungGen      total 1057792K, used 172018K [0x000000076ab00000, 0x00000007c0000000, 0x00000007c0000000)
  eden space 885760K, 0% used [0x000000076ab00000,0x000000076ab00000,0x00000007a0c00000)
  from space 172032K, 99% used [0x00000007a0c00000,0x00000007ab3fc870,0x00000007ab400000)
  to   space 220672K, 0% used [0x00000007b2880000,0x00000007b2880000,0x00000007c0000000)
 ParOldGen       total 712192K, used 530159K [0x00000006c0000000, 0x00000006eb780000, 0x000000076ab00000)
  object space 712192K, 74% used [0x00000006c0000000,0x00000006e05bbc90,0x00000006eb780000)
 Metaspace       used 6713K, capacity 7320K, committed 7680K, reserved 1056768K
  class space    used 632K, capacity 656K, committed 768K, reserved 1048576K
}
Event: 14.663 GC heap before
{Heap before GC invocations=20 (full 4):
 PSYoungGen      total 1057792K, used 1057778K [0x000000076ab00000, 0x00000007c0000000, 0x00000007c0000000)
  eden space 885760K, 100% used [0x000000076ab00000,0x00000007a0c00000,0x00000007a0c00000)
  from space 172032K, 99% used [0x00000007a0c00000,0x00000007ab3fc870,0x00000007ab400000)
  to   space 220672K, 0% used [0x00000007b2880000,0x00000007b2880000,0x00000007c0000000)
 ParOldGen       total 712192K, used 530159K [0x00000006c0000000, 0x00000006eb780000, 0x000000076ab00000)
  object space 712192K, 74% used [0x00000006c0000000,0x00000006e05bbc90,0x00000006eb780000)
 Metaspace       used 6830K, capacity 7384K, committed 7680K, reserved 1056768K
  class space    used 639K, capacity 656K, committed 768K, reserved 1048576K
Event: 15.265 GC heap after
Heap after GC invocations=20 (full 4):
 PSYoungGen      total 1164800K, used 134505K [0x000000076ab00000, 0x00000007c0000000, 0x00000007c0000000)
  eden space 944128K, 0% used [0x000000076ab00000,0x000000076ab00000,0x00000007a4500000)
  from space 220672K, 60% used [0x00000007b2880000,0x00000007babda4f0,0x00000007c0000000)
  to   space 226816K, 0% used [0x00000007a4500000,0x00000007a4500000,0x00000007b2280000)
 ParOldGen       total 712192K, used 701482K [0x00000006c0000000, 0x00000006eb780000, 0x000000076ab00000)
  object space 712192K, 98% used [0x00000006c0000000,0x00000006ead0a9a0,0x00000006eb780000)
 Metaspace       used 6830K, capacity 7384K, committed 7680K, reserved 1056768K
  class space    used 639K, capacity 656K, committed 768K, reserved 1048576K
}
Event: 15.265 GC heap before
{Heap before GC invocations=21 (full 5):
 PSYoungGen      total 1164800K, used 134505K [0x000000076ab00000, 0x00000007c0000000, 0x00000007c0000000)
  eden space 944128K, 0% used [0x000000076ab00000,0x000000076ab00000,0x00000007a4500000)
  from space 220672K, 60% used [0x00000007b2880000,0x00000007babda4f0,0x00000007c0000000)
  to   space 226816K, 0% used [0x00000007a4500000,0x00000007a4500000,0x00000007b2280000)
 ParOldGen       total 712192K, used 701482K [0x00000006c0000000, 0x00000006eb780000, 0x000000076ab00000)
  object space 712192K, 98% used [0x00000006c0000000,0x00000006ead0a9a0,0x00000006eb780000)
 Metaspace       used 6830K, capacity 7384K, committed 7680K, reserved 1056768K
  class space    used 639K, capacity 656K, committed 768K, reserved 1048576K

