# JRE version: Java(TM) SE Runtime Environment (8.0_101-b13) (build 1.8.0_101-b13)
# Java VM: Java HotSpot(TM) 64-Bit Server VM (25.101-b13 mixed mode linux-amd64 compressed oops)
Heap:
 PSYoungGen      total 1167360K, used 17451K [0x000000076ab00000, 0x00000007c0000000, 0x00000007c0000000)
  eden space 964608K, 0% used [0x000000076ab00000,0x000000076ab00000,0x00000007a5900000)
  from space 202752K, 8% used [0x00000007b3a00000,0x00000007b4b0afb0,0x00000007c0000000)
  to   space 216576K, 0% used [0x00000007a5900000,0x00000007a5900000,0x00000007b2c80000)
 ParOldGen       total 858624K, used 858460K [0x00000006c0000000, 0x00000006f4680000, 0x000000076ab00000)
  object space 858624K, 99% used [0x00000006c0000000,0x00000006f4657028,0x00000006f4680000)
 Metaspace       used 6757K, capacity 7384K, committed 7680K, reserved 1056768K
  class space    used 625K, capacity 656K, committed 768K, reserved 1048576K
GC Heap History (10 events):
Event: 18.201 GC heap after
Heap after GC invocations=17 (full 4):
 PSYoungGen      total 914944K, used 75486K [0x000000076ab00000, 0x00000007bdc80000, 0x00000007c0000000)
  eden space 785408K, 0% used [0x000000076ab00000,0x000000076ab00000,0x000000079aa00000)
  from space 129536K, 58% used [0x000000079aa00000,0x000000079f3b7b98,0x00000007a2880000)
  to   space 173568K, 0% used [0x00000007b3300000,0x00000007b3300000,0x00000007bdc80000)
 ParOldGen       total 601600K, used 411020K [0x00000006c0000000, 0x00000006e4b80000, 0x000000076ab00000)
  object space 601600K, 68% used [0x00000006c0000000,0x00000006d9163350,0x00000006e4b80000)
 Metaspace       used 6611K, capacity 7320K, committed 7680K, reserved 1056768K
  class space    used 616K, capacity 656K, committed 768K, reserved 1048576K
}
Event: 19.380 GC heap before
{Heap before GC invocations=18 (full 4):
 PSYoungGen      total 914944K, used 860894K [0x000000076ab00000, 0x00000007bdc80000, 0x00000007c0000000)
  eden space 785408K, 100% used [0x000000076ab00000,0x000000079aa00000,0x000000079aa00000)
  from space 129536K, 58% used [0x000000079aa00000,0x000000079f3b7b98,0x00000007a2880000)
  to   space 173568K, 0% used [0x00000007b3300000,0x00000007b3300000,0x00000007bdc80000)
 ParOldGen       total 601600K, used 411020K [0x00000006c0000000, 0x00000006e4b80000, 0x000000076ab00000)
  object space 601600K, 68% used [0x00000006c0000000,0x00000006d9163350,0x00000006e4b80000)
 Metaspace       used 6619K, capacity 7320K, committed 7680K, reserved 1056768K
  class space    used 617K, capacity 656K, committed 768K, reserved 1048576K
Event: 19.908 GC heap after
Heap after GC invocations=18 (full 4):
 PSYoungGen      total 1177088K, used 120917K [0x000000076ab00000, 0x00000007bfa00000, 0x00000007c0000000)
  eden space 1003520K, 0% used [0x000000076ab00000,0x000000076ab00000,0x00000007a7f00000)
  from space 173568K, 69% used [0x00000007b3300000,0x00000007ba9157e8,0x00000007bdc80000)
  to   space 184320K, 0% used [0x00000007a7f00000,0x00000007a7f00000,0x00000007b3300000)
 ParOldGen       total 601600K, used 487213K [0x00000006c0000000, 0x00000006e4b80000, 0x000000076ab00000)
  object space 601600K, 80% used [0x00000006c0000000,0x00000006ddbcb6a0,0x00000006e4b80000)
 Metaspace       used 6619K, capacity 7320K, committed 7680K, reserved 1056768K
  class space    used 617K, capacity 656K, committed 768K, reserved 1048576K
}
Event: 21.666 GC heap before
{Heap before GC invocations=19 (full 4):
 PSYoungGen      total 1177088K, used 1124437K [0x000000076ab00000, 0x00000007bfa00000, 0x00000007c0000000)
  eden space 1003520K, 100% used [0x000000076ab00000,0x00000007a7f00000,0x00000007a7f00000)
  from space 173568K, 69% used [0x00000007b3300000,0x00000007ba9157e8,0x00000007bdc80000)
  to   space 184320K, 0% used [0x00000007a7f00000,0x00000007a7f00000,0x00000007b3300000)
 ParOldGen       total 601600K, used 487213K [0x00000006c0000000, 0x00000006e4b80000, 0x000000076ab00000)
  object space 601600K, 80% used [0x00000006c0000000,0x00000006ddbcb6a0,0x00000006e4b80000)
 Metaspace       used 6703K, capacity 7384K, committed 7680K, reserved 1056768K
  class space    used 622K, capacity 656K, committed 768K, reserved 1048576K
Event: 22.325 GC heap after
Heap after GC invocations=19 (full 4):
 PSYoungGen      total 1187840K, used 149507K [0x000000076ab00000, 0x00000007c0000000, 0x00000007c0000000)
  eden space 1003520K, 0% used [0x000000076ab00000,0x000000076ab00000,0x00000007a7f00000)
  from space 184320K, 81% used [0x00000007a7f00000,0x00000007b1100d28,0x00000007b3300000)
  to   space 202752K, 0% used [0x00000007b3a00000,0x00000007b3a00000,0x00000007c0000000)
 ParOldGen       total 604160K, used 604148K [0x00000006c0000000, 0x00000006e4e00000, 0x000000076ab00000)
  object space 604160K, 99% used [0x00000006c0000000,0x00000006e4dfd308,0x00000006e4e00000)
 Metaspace       used 6703K, capacity 7384K, committed 7680K, reserved 1056768K
  class space    used 622K, capacity 656K, committed 768K, reserved 1048576K
}
Event: 22.325 GC heap before
{Heap before GC invocations=20 (full 5):
 PSYoungGen      total 1187840K, used 149507K [0x000000076ab00000, 0x00000007c0000000, 0x00000007c0000000)
  eden space 1003520K, 0% used [0x000000076ab00000,0x000000076ab00000,0x00000007a7f00000)
  from space 184320K, 81% used [0x00000007a7f00000,0x00000007b1100d28,0x00000007b3300000)
  to   space 202752K, 0% used [0x00000007b3a00000,0x00000007b3a00000,0x00000007c0000000)
 ParOldGen       total 604160K, used 604148K [0x00000006c0000000, 0x00000006e4e00000, 0x000000076ab00000)
  object space 604160K, 99% used [0x00000006c0000000,0x00000006e4dfd308,0x00000006e4e00000)
 Metaspace       used 6703K, capacity 7384K, committed 7680K, reserved 1056768K
  class space    used 622K, capacity 656K, committed 768K, reserved 1048576K
Event: 24.155 GC heap after
Heap after GC invocations=20 (full 5):
 PSYoungGen      total 1187840K, used 137307K [0x000000076ab00000, 0x00000007c0000000, 0x00000007c0000000)
  eden space 1003520K, 0% used [0x000000076ab00000,0x000000076ab00000,0x00000007a7f00000)
  from space 184320K, 74% used [0x00000007a7f00000,0x00000007b0516e40,0x00000007b3300000)
  to   space 202752K, 0% used [0x00000007b3a00000,0x00000007b3a00000,0x00000007c0000000)
 ParOldGen       total 858624K, used 603943K [0x00000006c0000000, 0x00000006f4680000, 0x000000076ab00000)
  object space 858624K, 70% used [0x00000006c0000000,0x00000006e4dc9d78,0x00000006f4680000)
 Metaspace       used 6703K, capacity 7384K, committed 7680K, reserved 1056768K
  class space    used 622K, capacity 656K, committed 768K, reserved 1048576K
}
Event: 25.772 GC heap before
{Heap before GC invocations=21 (full 5):
 PSYoungGen      total 1187840K, used 1140827K [0x000000076ab00000, 0x00000007c0000000, 0x00000007c0000000)
  eden space 1003520K, 100% used [0x000000076ab00000,0x00000007a7f00000,0x00000007a7f00000)
  from space 184320K, 74% used [0x00000007a7f00000,0x00000007b0516e40,0x00000007b3300000)
  to   space 202752K, 0% used [0x00000007b3a00000,0x00000007b3a00000,0x00000007c0000000)
 ParOldGen       total 858624K, used 603943K [0x00000006c0000000, 0x00000006f4680000, 0x000000076ab00000)
  object space 858624K, 70% used [0x00000006c0000000,0x00000006e4dc9d78,0x00000006f4680000)
 Metaspace       used 6757K, capacity 7384K, committed 7680K, reserved 1056768K
  class space    used 625K, capacity 656K, committed 768K, reserved 1048576K
Event: 26.439 GC heap after
Heap after GC invocations=21 (full 5):
 PSYoungGen      total 1167360K, used 146878K [0x000000076ab00000, 0x00000007c0000000, 0x00000007c0000000)
  eden space 964608K, 0% used [0x000000076ab00000,0x000000076ab00000,0x00000007a5900000)
  from space 202752K, 72% used [0x00000007b3a00000,0x00000007bc96f800,0x00000007c0000000)
  to   space 216576K, 0% used [0x00000007a5900000,0x00000007a5900000,0x00000007b2c80000)
 ParOldGen       total 858624K, used 735256K [0x00000006c0000000, 0x00000006f4680000, 0x000000076ab00000)
  object space 858624K, 85% used [0x00000006c0000000,0x00000006ece063f8,0x00000006f4680000)
 Metaspace       used 6757K, capacity 7384K, committed 7680K, reserved 1056768K
  class space    used 625K, capacity 656K, committed 768K, reserved 1048576K
}
Event: 26.439 GC heap before
{Heap before GC invocations=22 (full 6):
 PSYoungGen      total 1167360K, used 146878K [0x000000076ab00000, 0x00000007c0000000, 0x00000007c0000000)
  eden space 964608K, 0% used [0x000000076ab00000,0x000000076ab00000,0x00000007a5900000)
  from space 202752K, 72% used [0x00000007b3a00000,0x00000007bc96f800,0x00000007c0000000)
  to   space 216576K, 0% used [0x00000007a5900000,0x00000007a5900000,0x00000007b2c80000)
 ParOldGen       total 858624K, used 735256K [0x00000006c0000000, 0x00000006f4680000, 0x000000076ab00000)
  object space 858624K, 85% used [0x00000006c0000000,0x00000006ece063f8,0x00000006f4680000)
 Metaspace       used 6757K, capacity 7384K, committed 7680K, reserved 1056768K
  class space    used 625K, capacity 656K, committed 768K, reserved 1048576K

