# JRE version: Java(TM) SE Runtime Environment (8.0_121-b13) (build 1.8.0_121-b13)
# Java VM: Java HotSpot(TM) 64-Bit Server VM (25.121-b13 mixed mode linux-amd64 compressed oops)
Heap:
 PSYoungGen      total 1206272K, used 157518K [0x000000076ab00000, 0x00000007c0000000, 0x00000007c0000000)
  eden space 1022976K, 0% used [0x000000076ab00000,0x000000076ab00000,0x00000007a9200000)
  from space 183296K, 85% used [0x00000007a9200000,0x00000007b2bd39e8,0x00000007b4500000)
  to   space 191488K, 0% used [0x00000007b4500000,0x00000007b4500000,0x00000007c0000000)
 ParOldGen       total 603136K, used 602895K [0x00000006c0000000, 0x00000006e4d00000, 0x000000076ab00000)
  object space 603136K, 99% used [0x00000006c0000000,0x00000006e4cc3c18,0x00000006e4d00000)
 Metaspace       used 6781K, capacity 7384K, committed 7680K, reserved 1056768K
  class space    used 636K, capacity 656K, committed 768K, reserved 1048576K
GC Heap History (10 events):
Event: 8.453 GC heap after
Heap after GC invocations=15 (full 3):
 PSYoungGen      total 900608K, used 68297K [0x000000076ab00000, 0x00000007ab800000, 0x00000007c0000000)
  eden space 805888K, 0% used [0x000000076ab00000,0x000000076ab00000,0x000000079be00000)
  from space 94720K, 72% used [0x00000007a5b80000,0x00000007a9e326f0,0x00000007ab800000)
  to   space 128000K, 0% used [0x000000079be00000,0x000000079be00000,0x00000007a3b00000)
 ParOldGen       total 409088K, used 318407K [0x00000006c0000000, 0x00000006d8f80000, 0x000000076ab00000)
  object space 409088K, 77% used [0x00000006c0000000,0x00000006d36f1e20,0x00000006d8f80000)
 Metaspace       used 6686K, capacity 7320K, committed 7680K, reserved 1056768K
  class space    used 630K, capacity 656K, committed 768K, reserved 1048576K
}
Event: 9.866 GC heap before
{Heap before GC invocations=16 (full 3):
 PSYoungGen      total 900608K, used 874185K [0x000000076ab00000, 0x00000007ab800000, 0x00000007c0000000)
  eden space 805888K, 100% used [0x000000076ab00000,0x000000079be00000,0x000000079be00000)
  from space 94720K, 72% used [0x00000007a5b80000,0x00000007a9e326f0,0x00000007ab800000)
  to   space 128000K, 0% used [0x000000079be00000,0x000000079be00000,0x00000007a3b00000)
 ParOldGen       total 409088K, used 318407K [0x00000006c0000000, 0x00000006d8f80000, 0x000000076ab00000)
  object space 409088K, 77% used [0x00000006c0000000,0x00000006d36f1e20,0x00000006d8f80000)
 Metaspace       used 6690K, capacity 7320K, committed 7680K, reserved 1056768K
  class space    used 631K, capacity 656K, committed 768K, reserved 1048576K
Event: 10.257 GC heap after
Heap after GC invocations=16 (full 3):
 PSYoungGen      total 933888K, used 127969K [0x000000076ab00000, 0x00000007bed00000, 0x00000007c0000000)
  eden space 805888K, 0% used [0x000000076ab00000,0x000000076ab00000,0x000000079be00000)
  from space 128000K, 99% used [0x000000079be00000,0x00000007a3af8670,0x00000007a3b00000)
  to   space 172032K, 0% used [0x00000007b4500000,0x00000007b4500000,0x00000007bed00000)
 ParOldGen       total 409088K, used 379074K [0x00000006c0000000, 0x00000006d8f80000, 0x000000076ab00000)
  object space 409088K, 92% used [0x00000006c0000000,0x00000006d72309f0,0x00000006d8f80000)
 Metaspace       used 6690K, capacity 7320K, committed 7680K, reserved 1056768K
  class space    used 631K, capacity 656K, committed 768K, reserved 1048576K
}
Event: 10.257 GC heap before
{Heap before GC invocations=17 (full 4):
 PSYoungGen      total 933888K, used 127969K [0x000000076ab00000, 0x00000007bed00000, 0x00000007c0000000)
  eden space 805888K, 0% used [0x000000076ab00000,0x000000076ab00000,0x000000079be00000)
  from space 128000K, 99% used [0x000000079be00000,0x00000007a3af8670,0x00000007a3b00000)
  to   space 172032K, 0% used [0x00000007b4500000,0x00000007b4500000,0x00000007bed00000)
 ParOldGen       total 409088K, used 379074K [0x00000006c0000000, 0x00000006d8f80000, 0x000000076ab00000)
  object space 409088K, 92% used [0x00000006c0000000,0x00000006d72309f0,0x00000006d8f80000)
 Metaspace       used 6690K, capacity 7320K, committed 7680K, reserved 1056768K
  class space    used 631K, capacity 656K, committed 768K, reserved 1048576K
Event: 11.169 GC heap after
Heap after GC invocations=17 (full 4):
 PSYoungGen      total 933888K, used 92117K [0x000000076ab00000, 0x00000007bed00000, 0x00000007c0000000)
  eden space 805888K, 0% used [0x000000076ab00000,0x000000076ab00000,0x000000079be00000)
  from space 128000K, 71% used [0x000000079be00000,0x00000007a17f5438,0x00000007a3b00000)
  to   space 172032K, 0% used [0x00000007b4500000,0x00000007b4500000,0x00000007bed00000)
 ParOldGen       total 603136K, used 408877K [0x00000006c0000000, 0x00000006e4d00000, 0x000000076ab00000)
  object space 603136K, 67% used [0x00000006c0000000,0x00000006d8f4b578,0x00000006e4d00000)
 Metaspace       used 6690K, capacity 7320K, committed 7680K, reserved 1056768K
  class space    used 631K, capacity 656K, committed 768K, reserved 1048576K
}
Event: 12.299 GC heap before
{Heap before GC invocations=18 (full 4):
 PSYoungGen      total 933888K, used 898005K [0x000000076ab00000, 0x00000007bed00000, 0x00000007c0000000)
  eden space 805888K, 100% used [0x000000076ab00000,0x000000079be00000,0x000000079be00000)
  from space 128000K, 71% used [0x000000079be00000,0x00000007a17f5438,0x00000007a3b00000)
  to   space 172032K, 0% used [0x00000007b4500000,0x00000007b4500000,0x00000007bed00000)
 ParOldGen       total 603136K, used 408877K [0x00000006c0000000, 0x00000006e4d00000, 0x000000076ab00000)
  object space 603136K, 67% used [0x00000006c0000000,0x00000006d8f4b578,0x00000006e4d00000)
 Metaspace       used 6698K, capacity 7320K, committed 7680K, reserved 1056768K
  class space    used 631K, capacity 656K, committed 768K, reserved 1048576K
Event: 12.940 GC heap after
Heap after GC invocations=18 (full 4):
 PSYoungGen      total 1195008K, used 121378K [0x000000076ab00000, 0x00000007c0000000, 0x00000007c0000000)
  eden space 1022976K, 0% used [0x000000076ab00000,0x000000076ab00000,0x00000007a9200000)
  from space 172032K, 70% used [0x00000007b4500000,0x00000007bbb88aa8,0x00000007bed00000)
  to   space 183296K, 0% used [0x00000007a9200000,0x00000007a9200000,0x00000007b4500000)
 ParOldGen       total 603136K, used 501841K [0x00000006c0000000, 0x00000006e4d00000, 0x000000076ab00000)
  object space 603136K, 83% used [0x00000006c0000000,0x00000006dea146b8,0x00000006e4d00000)
 Metaspace       used 6698K, capacity 7320K, committed 7680K, reserved 1056768K
  class space    used 631K, capacity 656K, committed 768K, reserved 1048576K
}
Event: 14.487 GC heap before
{Heap before GC invocations=19 (full 4):
 PSYoungGen      total 1195008K, used 1144354K [0x000000076ab00000, 0x00000007c0000000, 0x00000007c0000000)
  eden space 1022976K, 100% used [0x000000076ab00000,0x00000007a9200000,0x00000007a9200000)
  from space 172032K, 70% used [0x00000007b4500000,0x00000007bbb88aa8,0x00000007bed00000)
  to   space 183296K, 0% used [0x00000007a9200000,0x00000007a9200000,0x00000007b4500000)
 ParOldGen       total 603136K, used 501841K [0x00000006c0000000, 0x00000006e4d00000, 0x000000076ab00000)
  object space 603136K, 83% used [0x00000006c0000000,0x00000006dea146b8,0x00000006e4d00000)
 Metaspace       used 6781K, capacity 7384K, committed 7680K, reserved 1056768K
  class space    used 636K, capacity 656K, committed 768K, reserved 1048576K
Event: 14.961 GC heap after
Heap after GC invocations=19 (full 4):
 PSYoungGen      total 1206272K, used 183286K [0x000000076ab00000, 0x00000007c0000000, 0x00000007c0000000)
  eden space 1022976K, 0% used [0x000000076ab00000,0x000000076ab00000,0x00000007a9200000)
  from space 183296K, 99% used [0x00000007a9200000,0x00000007b44fd9f8,0x00000007b4500000)
  to   space 191488K, 0% used [0x00000007b4500000,0x00000007b4500000,0x00000007c0000000)
 ParOldGen       total 603136K, used 593425K [0x00000006c0000000, 0x00000006e4d00000, 0x000000076ab00000)
  object space 603136K, 98% used [0x00000006c0000000,0x00000006e4384798,0x00000006e4d00000)
 Metaspace       used 6781K, capacity 7384K, committed 7680K, reserved 1056768K
  class space    used 636K, capacity 656K, committed 768K, reserved 1048576K
}
Event: 14.961 GC heap before
{Heap before GC invocations=20 (full 5):
 PSYoungGen      total 1206272K, used 183286K [0x000000076ab00000, 0x00000007c0000000, 0x00000007c0000000)
  eden space 1022976K, 0% used [0x000000076ab00000,0x000000076ab00000,0x00000007a9200000)
  from space 183296K, 99% used [0x00000007a9200000,0x00000007b44fd9f8,0x00000007b4500000)
  to   space 191488K, 0% used [0x00000007b4500000,0x00000007b4500000,0x00000007c0000000)
 ParOldGen       total 603136K, used 593425K [0x00000006c0000000, 0x00000006e4d00000, 0x000000076ab00000)
  object space 603136K, 98% used [0x00000006c0000000,0x00000006e4384798,0x00000006e4d00000)
 Metaspace       used 6781K, capacity 7384K, committed 7680K, reserved 1056768K
  class space    used 636K, capacity 656K, committed 768K, reserved 1048576K

