# JRE version: Java(TM) SE Runtime Environment (8.0_121-b13) (build 1.8.0_121-b13)
# Java VM: Java HotSpot(TM) 64-Bit Server VM (25.121-b13 mixed mode linux-amd64 compressed oops)
Heap:
 PSYoungGen      total 274944K, used 20960K [0x000000076ab00000, 0x000000077cc00000, 0x00000007c0000000)
  eden space 253952K, 0% used [0x000000076ab00000,0x000000076ab00000,0x000000077a300000)
  from space 20992K, 99% used [0x000000077a300000,0x000000077b7782f0,0x000000077b780000)
  to   space 20480K, 0% used [0x000000077b800000,0x000000077b800000,0x000000077cc00000)
 ParOldGen       total 84992K, used 75729K [0x00000006c0000000, 0x00000006c5300000, 0x000000076ab00000)
  object space 84992K, 89% used [0x00000006c0000000,0x00000006c49f4570,0x00000006c5300000)
 Metaspace       used 6391K, capacity 7256K, committed 7424K, reserved 1056768K
  class space    used 614K, capacity 656K, committed 768K, reserved 1048576K
GC Heap History (10 events):
Event: 1.801 GC heap after
Heap after GC invocations=2 (full 0):
 PSYoungGen      total 68608K, used 5107K [0x000000076ab00000, 0x000000076f300000, 0x00000007c0000000)
  eden space 63488K, 0% used [0x000000076ab00000,0x000000076ab00000,0x000000076e900000)
  from space 5120K, 99% used [0x000000076ee00000,0x000000076f2fcfe0,0x000000076f300000)
  to   space 5120K, 0% used [0x000000076e900000,0x000000076e900000,0x000000076ee00000)
 ParOldGen       total 84992K, used 11305K [0x00000006c0000000, 0x00000006c5300000, 0x000000076ab00000)
  object space 84992K, 13% used [0x00000006c0000000,0x00000006c0b0a508,0x00000006c5300000)
 Metaspace       used 5844K, capacity 6896K, committed 7040K, reserved 1056768K
  class space    used 588K, capacity 616K, committed 640K, reserved 1048576K
}
Event: 2.239 GC heap before
{Heap before GC invocations=3 (full 0):
 PSYoungGen      total 68608K, used 68595K [0x000000076ab00000, 0x000000076f300000, 0x00000007c0000000)
  eden space 63488K, 100% used [0x000000076ab00000,0x000000076e900000,0x000000076e900000)
  from space 5120K, 99% used [0x000000076ee00000,0x000000076f2fcfe0,0x000000076f300000)
  to   space 5120K, 0% used [0x000000076e900000,0x000000076e900000,0x000000076ee00000)
 ParOldGen       total 84992K, used 11305K [0x00000006c0000000, 0x00000006c5300000, 0x000000076ab00000)
  object space 84992K, 13% used [0x00000006c0000000,0x00000006c0b0a508,0x00000006c5300000)
 Metaspace       used 5888K, capacity 6896K, committed 7040K, reserved 1056768K
  class space    used 589K, capacity 616K, committed 640K, reserved 1048576K
Event: 2.374 GC heap after
Heap after GC invocations=3 (full 0):
 PSYoungGen      total 68608K, used 5106K [0x000000076ab00000, 0x0000000773100000, 0x00000007c0000000)
  eden space 63488K, 0% used [0x000000076ab00000,0x000000076ab00000,0x000000076e900000)
  from space 5120K, 99% used [0x000000076e900000,0x000000076edfc810,0x000000076ee00000)
  to   space 5120K, 0% used [0x0000000772c00000,0x0000000772c00000,0x0000000773100000)
 ParOldGen       total 84992K, used 21914K [0x00000006c0000000, 0x00000006c5300000, 0x000000076ab00000)
  object space 84992K, 25% used [0x00000006c0000000,0x00000006c1566ad8,0x00000006c5300000)
 Metaspace       used 5888K, capacity 6896K, committed 7040K, reserved 1056768K
  class space    used 589K, capacity 616K, committed 640K, reserved 1048576K
}
Event: 2.627 GC heap before
{Heap before GC invocations=4 (full 0):
 PSYoungGen      total 68608K, used 68594K [0x000000076ab00000, 0x0000000773100000, 0x00000007c0000000)
  eden space 63488K, 100% used [0x000000076ab00000,0x000000076e900000,0x000000076e900000)
  from space 5120K, 99% used [0x000000076e900000,0x000000076edfc810,0x000000076ee00000)
  to   space 5120K, 0% used [0x0000000772c00000,0x0000000772c00000,0x0000000773100000)
 ParOldGen       total 84992K, used 21914K [0x00000006c0000000, 0x00000006c5300000, 0x000000076ab00000)
  object space 84992K, 25% used [0x00000006c0000000,0x00000006c1566ad8,0x00000006c5300000)
 Metaspace       used 6042K, capacity 7000K, committed 7168K, reserved 1056768K
  class space    used 609K, capacity 656K, committed 768K, reserved 1048576K
Event: 2.700 GC heap after
Heap after GC invocations=4 (full 0):
 PSYoungGen      total 132096K, used 5099K [0x000000076ab00000, 0x0000000773100000, 0x00000007c0000000)
  eden space 126976K, 0% used [0x000000076ab00000,0x000000076ab00000,0x0000000772700000)
  from space 5120K, 99% used [0x0000000772c00000,0x00000007730face0,0x0000000773100000)
  to   space 5120K, 0% used [0x0000000772700000,0x0000000772700000,0x0000000772c00000)
 ParOldGen       total 84992K, used 31672K [0x00000006c0000000, 0x00000006c5300000, 0x000000076ab00000)
  object space 84992K, 37% used [0x00000006c0000000,0x00000006c1eee310,0x00000006c5300000)
 Metaspace       used 6042K, capacity 7000K, committed 7168K, reserved 1056768K
  class space    used 609K, capacity 656K, committed 768K, reserved 1048576K
}
Event: 3.588 GC heap before
{Heap before GC invocations=5 (full 0):
 PSYoungGen      total 132096K, used 132075K [0x000000076ab00000, 0x0000000773100000, 0x00000007c0000000)
  eden space 126976K, 100% used [0x000000076ab00000,0x0000000772700000,0x0000000772700000)
  from space 5120K, 99% used [0x0000000772c00000,0x00000007730face0,0x0000000773100000)
  to   space 5120K, 0% used [0x0000000772700000,0x0000000772700000,0x0000000772c00000)
 ParOldGen       total 84992K, used 31672K [0x00000006c0000000, 0x00000006c5300000, 0x000000076ab00000)
  object space 84992K, 37% used [0x00000006c0000000,0x00000006c1eee310,0x00000006c5300000)
 Metaspace       used 6155K, capacity 7128K, committed 7424K, reserved 1056768K
  class space    used 612K, capacity 656K, committed 768K, reserved 1048576K
Event: 3.721 GC heap after
Heap after GC invocations=5 (full 0):
 PSYoungGen      total 132096K, used 5111K [0x000000076ab00000, 0x000000077cd00000, 0x00000007c0000000)
  eden space 126976K, 0% used [0x000000076ab00000,0x000000076ab00000,0x0000000772700000)
  from space 5120K, 99% used [0x0000000772700000,0x0000000772bfdf30,0x0000000772c00000)
  to   space 21504K, 0% used [0x000000077b800000,0x000000077b800000,0x000000077cd00000)
 ParOldGen       total 84992K, used 45422K [0x00000006c0000000, 0x00000006c5300000, 0x000000076ab00000)
  object space 84992K, 53% used [0x00000006c0000000,0x00000006c2c5bb88,0x00000006c5300000)
 Metaspace       used 6155K, capacity 7128K, committed 7424K, reserved 1056768K
  class space    used 612K, capacity 656K, committed 768K, reserved 1048576K
}
Event: 4.192 GC heap before
{Heap before GC invocations=6 (full 0):
 PSYoungGen      total 132096K, used 132087K [0x000000076ab00000, 0x000000077cd00000, 0x00000007c0000000)
  eden space 126976K, 100% used [0x000000076ab00000,0x0000000772700000,0x0000000772700000)
  from space 5120K, 99% used [0x0000000772700000,0x0000000772bfdf30,0x0000000772c00000)
  to   space 21504K, 0% used [0x000000077b800000,0x000000077b800000,0x000000077cd00000)
 ParOldGen       total 84992K, used 45422K [0x00000006c0000000, 0x00000006c5300000, 0x000000076ab00000)
  object space 84992K, 53% used [0x00000006c0000000,0x00000006c2c5bb88,0x00000006c5300000)
 Metaspace       used 6286K, capacity 7192K, committed 7424K, reserved 1056768K
  class space    used 612K, capacity 656K, committed 768K, reserved 1048576K
Event: 4.377 GC heap after
Heap after GC invocations=6 (full 0):
 PSYoungGen      total 274432K, used 15438K [0x000000076ab00000, 0x000000077cc00000, 0x00000007c0000000)
  eden space 253952K, 0% used [0x000000076ab00000,0x000000076ab00000,0x000000077a300000)
  from space 20480K, 75% used [0x000000077b800000,0x000000077c713958,0x000000077cc00000)
  to   space 20992K, 0% used [0x000000077a300000,0x000000077a300000,0x000000077b780000)
 ParOldGen       total 84992K, used 45422K [0x00000006c0000000, 0x00000006c5300000, 0x000000076ab00000)
  object space 84992K, 53% used [0x00000006c0000000,0x00000006c2c5bb88,0x00000006c5300000)
 Metaspace       used 6286K, capacity 7192K, committed 7424K, reserved 1056768K
  class space    used 612K, capacity 656K, committed 768K, reserved 1048576K
}
Event: 5.976 GC heap before
{Heap before GC invocations=7 (full 0):
 PSYoungGen      total 274432K, used 269390K [0x000000076ab00000, 0x000000077cc00000, 0x00000007c0000000)
  eden space 253952K, 100% used [0x000000076ab00000,0x000000077a300000,0x000000077a300000)
  from space 20480K, 75% used [0x000000077b800000,0x000000077c713958,0x000000077cc00000)
  to   space 20992K, 0% used [0x000000077a300000,0x000000077a300000,0x000000077b780000)
 ParOldGen       total 84992K, used 45422K [0x00000006c0000000, 0x00000006c5300000, 0x000000076ab00000)
  object space 84992K, 53% used [0x00000006c0000000,0x00000006c2c5bb88,0x00000006c5300000)
 Metaspace       used 6391K, capacity 7256K, committed 7424K, reserved 1056768K
  class space    used 614K, capacity 656K, committed 768K, reserved 1048576K

