# JRE version: Java(TM) SE Runtime Environment (8.0_121-b13) (build 1.8.0_121-b13)
# Java VM: Java HotSpot(TM) 64-Bit Server VM (25.121-b13 mixed mode linux-amd64 compressed oops)
Heap:
 PSYoungGen      total 1123328K, used 57685K [0x000000076ab00000, 0x00000007c0000000, 0x00000007c0000000)
  eden space 870912K, 0% used [0x000000076ab00000,0x000000076ab00000,0x000000079fd80000)
  from space 252416K, 22% used [0x000000079fd80000,0x00000007a35d5520,0x00000007af400000)
  to   space 252416K, 0% used [0x00000007b0980000,0x00000007b0980000,0x00000007c0000000)
 ParOldGen       total 660480K, used 660369K [0x00000006c0000000, 0x00000006e8500000, 0x000000076ab00000)
  object space 660480K, 99% used [0x00000006c0000000,0x00000006e84e4798,0x00000006e8500000)
 Metaspace       used 6728K, capacity 7320K, committed 7680K, reserved 1056768K
  class space    used 632K, capacity 656K, committed 768K, reserved 1048576K
GC Heap History (10 events):
Event: 7.269 GC heap after
Heap after GC invocations=15 (full 3):
 PSYoungGen      total 870912K, used 111608K [0x000000076ab00000, 0x00000007a9900000, 0x00000007c0000000)
  eden space 744448K, 0% used [0x000000076ab00000,0x000000076ab00000,0x0000000798200000)
  from space 126464K, 88% used [0x00000007a1480000,0x00000007a817e238,0x00000007a9000000)
  to   space 142848K, 0% used [0x0000000798200000,0x0000000798200000,0x00000007a0d80000)
 ParOldGen       total 440320K, used 274687K [0x00000006c0000000, 0x00000006dae00000, 0x000000076ab00000)
  object space 440320K, 62% used [0x00000006c0000000,0x00000006d0c3ff18,0x00000006dae00000)
 Metaspace       used 6713K, capacity 7320K, committed 7680K, reserved 1056768K
  class space    used 631K, capacity 656K, committed 768K, reserved 1048576K
}
Event: 8.426 GC heap before
{Heap before GC invocations=16 (full 3):
 PSYoungGen      total 870912K, used 856056K [0x000000076ab00000, 0x00000007a9900000, 0x00000007c0000000)
  eden space 744448K, 100% used [0x000000076ab00000,0x0000000798200000,0x0000000798200000)
  from space 126464K, 88% used [0x00000007a1480000,0x00000007a817e238,0x00000007a9000000)
  to   space 142848K, 0% used [0x0000000798200000,0x0000000798200000,0x00000007a0d80000)
 ParOldGen       total 440320K, used 274687K [0x00000006c0000000, 0x00000006dae00000, 0x000000076ab00000)
  object space 440320K, 62% used [0x00000006c0000000,0x00000006d0c3ff18,0x00000006dae00000)
 Metaspace       used 6716K, capacity 7320K, committed 7680K, reserved 1056768K
  class space    used 632K, capacity 656K, committed 768K, reserved 1048576K
Event: 8.713 GC heap after
Heap after GC invocations=16 (full 3):
 PSYoungGen      total 887296K, used 142835K [0x000000076ab00000, 0x00000007bb280000, 0x00000007c0000000)
  eden space 744448K, 0% used [0x000000076ab00000,0x000000076ab00000,0x0000000798200000)
  from space 142848K, 99% used [0x0000000798200000,0x00000007a0d7cfd0,0x00000007a0d80000)
  to   space 195072K, 0% used [0x00000007af400000,0x00000007af400000,0x00000007bb280000)
 ParOldGen       total 440320K, used 348746K [0x00000006c0000000, 0x00000006dae00000, 0x000000076ab00000)
  object space 440320K, 79% used [0x00000006c0000000,0x00000006d54928a0,0x00000006dae00000)
 Metaspace       used 6716K, capacity 7320K, committed 7680K, reserved 1056768K
  class space    used 632K, capacity 656K, committed 768K, reserved 1048576K
}
Event: 9.710 GC heap before
{Heap before GC invocations=17 (full 3):
 PSYoungGen      total 887296K, used 887283K [0x000000076ab00000, 0x00000007bb280000, 0x00000007c0000000)
  eden space 744448K, 100% used [0x000000076ab00000,0x0000000798200000,0x0000000798200000)
  from space 142848K, 99% used [0x0000000798200000,0x00000007a0d7cfd0,0x00000007a0d80000)
  to   space 195072K, 0% used [0x00000007af400000,0x00000007af400000,0x00000007bb280000)
 ParOldGen       total 440320K, used 348746K [0x00000006c0000000, 0x00000006dae00000, 0x000000076ab00000)
  object space 440320K, 79% used [0x00000006c0000000,0x00000006d54928a0,0x00000006dae00000)
 Metaspace       used 6724K, capacity 7320K, committed 7680K, reserved 1056768K
  class space    used 632K, capacity 656K, committed 768K, reserved 1048576K
Event: 10.534 GC heap after
Heap after GC invocations=17 (full 3):
 PSYoungGen      total 1065984K, used 195062K [0x000000076ab00000, 0x00000007c0000000, 0x00000007c0000000)
  eden space 870912K, 0% used [0x000000076ab00000,0x000000076ab00000,0x000000079fd80000)
  from space 195072K, 99% used [0x00000007af400000,0x00000007bb27db20,0x00000007bb280000)
  to   space 252416K, 0% used [0x000000079fd80000,0x000000079fd80000,0x00000007af400000)
 ParOldGen       total 440320K, used 410488K [0x00000006c0000000, 0x00000006dae00000, 0x000000076ab00000)
  object space 440320K, 93% used [0x00000006c0000000,0x00000006d90de0a8,0x00000006dae00000)
 Metaspace       used 6724K, capacity 7320K, committed 7680K, reserved 1056768K
  class space    used 632K, capacity 656K, committed 768K, reserved 1048576K
}
Event: 10.535 GC heap before
{Heap before GC invocations=18 (full 4):
 PSYoungGen      total 1065984K, used 195062K [0x000000076ab00000, 0x00000007c0000000, 0x00000007c0000000)
  eden space 870912K, 0% used [0x000000076ab00000,0x000000076ab00000,0x000000079fd80000)
  from space 195072K, 99% used [0x00000007af400000,0x00000007bb27db20,0x00000007bb280000)
  to   space 252416K, 0% used [0x000000079fd80000,0x000000079fd80000,0x00000007af400000)
 ParOldGen       total 440320K, used 410488K [0x00000006c0000000, 0x00000006dae00000, 0x000000076ab00000)
  object space 440320K, 93% used [0x00000006c0000000,0x00000006d90de0a8,0x00000006dae00000)
 Metaspace       used 6724K, capacity 7320K, committed 7680K, reserved 1056768K
  class space    used 632K, capacity 656K, committed 768K, reserved 1048576K
Event: 11.653 GC heap after
Heap after GC invocations=18 (full 4):
 PSYoungGen      total 1065984K, used 154086K [0x000000076ab00000, 0x00000007c0000000, 0x00000007c0000000)
  eden space 870912K, 0% used [0x000000076ab00000,0x000000076ab00000,0x000000079fd80000)
  from space 195072K, 78% used [0x00000007af400000,0x00000007b8a79b00,0x00000007bb280000)
  to   space 252416K, 0% used [0x000000079fd80000,0x000000079fd80000,0x00000007af400000)
 ParOldGen       total 660480K, used 439975K [0x00000006c0000000, 0x00000006e8500000, 0x000000076ab00000)
  object space 660480K, 66% used [0x00000006c0000000,0x00000006dada9cf0,0x00000006e8500000)
 Metaspace       used 6724K, capacity 7320K, committed 7680K, reserved 1056768K
  class space    used 632K, capacity 656K, committed 768K, reserved 1048576K
}
Event: 12.757 GC heap before
{Heap before GC invocations=19 (full 4):
 PSYoungGen      total 1065984K, used 1024998K [0x000000076ab00000, 0x00000007c0000000, 0x00000007c0000000)
  eden space 870912K, 100% used [0x000000076ab00000,0x000000079fd80000,0x000000079fd80000)
  from space 195072K, 78% used [0x00000007af400000,0x00000007b8a79b00,0x00000007bb280000)
  to   space 252416K, 0% used [0x000000079fd80000,0x000000079fd80000,0x00000007af400000)
 ParOldGen       total 660480K, used 439975K [0x00000006c0000000, 0x00000006e8500000, 0x000000076ab00000)
  object space 660480K, 66% used [0x00000006c0000000,0x00000006dada9cf0,0x00000006e8500000)
 Metaspace       used 6728K, capacity 7320K, committed 7680K, reserved 1056768K
  class space    used 632K, capacity 656K, committed 768K, reserved 1048576K
Event: 13.233 GC heap after
Heap after GC invocations=19 (full 4):
 PSYoungGen      total 1123328K, used 131381K [0x000000076ab00000, 0x00000007c0000000, 0x00000007c0000000)
  eden space 870912K, 0% used [0x000000076ab00000,0x000000076ab00000,0x000000079fd80000)
  from space 252416K, 52% used [0x000000079fd80000,0x00000007a7dcd5d8,0x00000007af400000)
  to   space 252416K, 0% used [0x00000007b0980000,0x00000007b0980000,0x00000007c0000000)
 ParOldGen       total 660480K, used 595400K [0x00000006c0000000, 0x00000006e8500000, 0x000000076ab00000)
  object space 660480K, 90% used [0x00000006c0000000,0x00000006e4572290,0x00000006e8500000)
 Metaspace       used 6728K, capacity 7320K, committed 7680K, reserved 1056768K
  class space    used 632K, capacity 656K, committed 768K, reserved 1048576K
}
Event: 13.233 GC heap before
{Heap before GC invocations=20 (full 5):
 PSYoungGen      total 1123328K, used 131381K [0x000000076ab00000, 0x00000007c0000000, 0x00000007c0000000)
  eden space 870912K, 0% used [0x000000076ab00000,0x000000076ab00000,0x000000079fd80000)
  from space 252416K, 52% used [0x000000079fd80000,0x00000007a7dcd5d8,0x00000007af400000)
  to   space 252416K, 0% used [0x00000007b0980000,0x00000007b0980000,0x00000007c0000000)
 ParOldGen       total 660480K, used 595400K [0x00000006c0000000, 0x00000006e8500000, 0x000000076ab00000)
  object space 660480K, 90% used [0x00000006c0000000,0x00000006e4572290,0x00000006e8500000)
 Metaspace       used 6728K, capacity 7320K, committed 7680K, reserved 1056768K
  class space    used 632K, capacity 656K, committed 768K, reserved 1048576K

