# JRE version: Java(TM) SE Runtime Environment (8.0_101-b13) (build 1.8.0_101-b13)
# Java VM: Java HotSpot(TM) 64-Bit Server VM (25.101-b13 mixed mode linux-amd64 compressed oops)
Heap:
 PSYoungGen      total 277504K, used 29163K [0x000000076ab00000, 0x000000077dc00000, 0x00000007c0000000)
  eden space 248320K, 0% used [0x000000076ab00000,0x000000076ab00000,0x0000000779d80000)
  from space 29184K, 99% used [0x0000000779d80000,0x000000077b9faea8,0x000000077ba00000)
  to   space 23552K, 0% used [0x000000077ba00000,0x000000077ba00000,0x000000077d100000)
 ParOldGen       total 84992K, used 54952K [0x00000006c0000000, 0x00000006c5300000, 0x000000076ab00000)
  object space 84992K, 64% used [0x00000006c0000000,0x00000006c35aa018,0x00000006c5300000)
 Metaspace       used 6429K, capacity 7256K, committed 7424K, reserved 1056768K
  class space    used 615K, capacity 656K, committed 768K, reserved 1048576K
GC Heap History (10 events):
Event: 0.186 GC heap after
Heap after GC invocations=2 (full 0):
 PSYoungGen      total 68608K, used 2868K [0x000000076ab00000, 0x000000076f300000, 0x00000007c0000000)
  eden space 63488K, 0% used [0x000000076ab00000,0x000000076ab00000,0x000000076e900000)
  from space 5120K, 56% used [0x000000076ee00000,0x000000076f0cd2a8,0x000000076f300000)
  to   space 5120K, 0% used [0x000000076e900000,0x000000076e900000,0x000000076ee00000)
 ParOldGen       total 84992K, used 16K [0x00000006c0000000, 0x00000006c5300000, 0x000000076ab00000)
  object space 84992K, 0% used [0x00000006c0000000,0x00000006c0004000,0x00000006c5300000)
 Metaspace       used 3373K, capacity 4720K, committed 4864K, reserved 1056768K
  class space    used 359K, capacity 424K, committed 512K, reserved 1048576K
}
Event: 0.248 GC heap before
{Heap before GC invocations=3 (full 0):
 PSYoungGen      total 68608K, used 66356K [0x000000076ab00000, 0x000000076f300000, 0x00000007c0000000)
  eden space 63488K, 100% used [0x000000076ab00000,0x000000076e900000,0x000000076e900000)
  from space 5120K, 56% used [0x000000076ee00000,0x000000076f0cd2a8,0x000000076f300000)
  to   space 5120K, 0% used [0x000000076e900000,0x000000076e900000,0x000000076ee00000)
 ParOldGen       total 84992K, used 16K [0x00000006c0000000, 0x00000006c5300000, 0x000000076ab00000)
  object space 84992K, 0% used [0x00000006c0000000,0x00000006c0004000,0x00000006c5300000)
 Metaspace       used 3374K, capacity 4720K, committed 4864K, reserved 1056768K
  class space    used 359K, capacity 424K, committed 512K, reserved 1048576K
Event: 0.250 GC heap after
Heap after GC invocations=3 (full 0):
 PSYoungGen      total 68608K, used 2820K [0x000000076ab00000, 0x0000000773100000, 0x00000007c0000000)
  eden space 63488K, 0% used [0x000000076ab00000,0x000000076ab00000,0x000000076e900000)
  from space 5120K, 55% used [0x000000076e900000,0x000000076ebc1298,0x000000076ee00000)
  to   space 5120K, 0% used [0x0000000772c00000,0x0000000772c00000,0x0000000773100000)
 ParOldGen       total 84992K, used 24K [0x00000006c0000000, 0x00000006c5300000, 0x000000076ab00000)
  object space 84992K, 0% used [0x00000006c0000000,0x00000006c0006000,0x00000006c5300000)
 Metaspace       used 3374K, capacity 4720K, committed 4864K, reserved 1056768K
  class space    used 359K, capacity 424K, committed 512K, reserved 1048576K
}
Event: 0.681 GC heap before
{Heap before GC invocations=4 (full 0):
 PSYoungGen      total 68608K, used 66308K [0x000000076ab00000, 0x0000000773100000, 0x00000007c0000000)
  eden space 63488K, 100% used [0x000000076ab00000,0x000000076e900000,0x000000076e900000)
  from space 5120K, 55% used [0x000000076e900000,0x000000076ebc1298,0x000000076ee00000)
  to   space 5120K, 0% used [0x0000000772c00000,0x0000000772c00000,0x0000000773100000)
 ParOldGen       total 84992K, used 24K [0x00000006c0000000, 0x00000006c5300000, 0x000000076ab00000)
  object space 84992K, 0% used [0x00000006c0000000,0x00000006c0006000,0x00000006c5300000)
 Metaspace       used 5896K, capacity 6832K, committed 7040K, reserved 1056768K
  class space    used 594K, capacity 616K, committed 640K, reserved 1048576K
Event: 0.701 GC heap after
Heap after GC invocations=4 (full 0):
 PSYoungGen      total 132096K, used 5105K [0x000000076ab00000, 0x0000000773100000, 0x00000007c0000000)
  eden space 126976K, 0% used [0x000000076ab00000,0x000000076ab00000,0x0000000772700000)
  from space 5120K, 99% used [0x0000000772c00000,0x00000007730fc628,0x0000000773100000)
  to   space 5120K, 0% used [0x0000000772700000,0x0000000772700000,0x0000000772c00000)
 ParOldGen       total 84992K, used 8398K [0x00000006c0000000, 0x00000006c5300000, 0x000000076ab00000)
  object space 84992K, 9% used [0x00000006c0000000,0x00000006c0833870,0x00000006c5300000)
 Metaspace       used 5896K, capacity 6832K, committed 7040K, reserved 1056768K
  class space    used 594K, capacity 616K, committed 640K, reserved 1048576K
}
Event: 1.100 GC heap before
{Heap before GC invocations=5 (full 0):
 PSYoungGen      total 132096K, used 132081K [0x000000076ab00000, 0x0000000773100000, 0x00000007c0000000)
  eden space 126976K, 100% used [0x000000076ab00000,0x0000000772700000,0x0000000772700000)
  from space 5120K, 99% used [0x0000000772c00000,0x00000007730fc628,0x0000000773100000)
  to   space 5120K, 0% used [0x0000000772700000,0x0000000772700000,0x0000000772c00000)
 ParOldGen       total 84992K, used 8398K [0x00000006c0000000, 0x00000006c5300000, 0x000000076ab00000)
  object space 84992K, 9% used [0x00000006c0000000,0x00000006c0833870,0x00000006c5300000)
 Metaspace       used 6119K, capacity 7000K, committed 7168K, reserved 1056768K
  class space    used 615K, capacity 656K, committed 768K, reserved 1048576K
Event: 1.129 GC heap after
Heap after GC invocations=5 (full 0):
 PSYoungGen      total 132096K, used 5098K [0x000000076ab00000, 0x000000077d100000, 0x00000007c0000000)
  eden space 126976K, 0% used [0x000000076ab00000,0x000000076ab00000,0x0000000772700000)
  from space 5120K, 99% used [0x0000000772700000,0x0000000772bfaa30,0x0000000772c00000)
  to   space 23552K, 0% used [0x000000077ba00000,0x000000077ba00000,0x000000077d100000)
 ParOldGen       total 84992K, used 27696K [0x00000006c0000000, 0x00000006c5300000, 0x000000076ab00000)
  object space 84992K, 32% used [0x00000006c0000000,0x00000006c1b0c3a8,0x00000006c5300000)
 Metaspace       used 6119K, capacity 7000K, committed 7168K, reserved 1056768K
  class space    used 615K, capacity 656K, committed 768K, reserved 1048576K
}
Event: 1.418 GC heap before
{Heap before GC invocations=6 (full 0):
 PSYoungGen      total 132096K, used 132074K [0x000000076ab00000, 0x000000077d100000, 0x00000007c0000000)
  eden space 126976K, 100% used [0x000000076ab00000,0x0000000772700000,0x0000000772700000)
  from space 5120K, 99% used [0x0000000772700000,0x0000000772bfaa30,0x0000000772c00000)
  to   space 23552K, 0% used [0x000000077ba00000,0x000000077ba00000,0x000000077d100000)
 ParOldGen       total 84992K, used 27696K [0x00000006c0000000, 0x00000006c5300000, 0x000000076ab00000)
  object space 84992K, 32% used [0x00000006c0000000,0x00000006c1b0c3a8,0x00000006c5300000)
 Metaspace       used 6275K, capacity 7128K, committed 7424K, reserved 1056768K
  class space    used 615K, capacity 656K, committed 768K, reserved 1048576K
Event: 1.445 GC heap after
Heap after GC invocations=6 (full 0):
 PSYoungGen      total 271872K, used 23540K [0x000000076ab00000, 0x000000077dc00000, 0x00000007c0000000)
  eden space 248320K, 0% used [0x000000076ab00000,0x000000076ab00000,0x0000000779d80000)
  from space 23552K, 99% used [0x000000077ba00000,0x000000077d0fd0a8,0x000000077d100000)
  to   space 29184K, 0% used [0x0000000779d80000,0x0000000779d80000,0x000000077ba00000)
 ParOldGen       total 84992K, used 27704K [0x00000006c0000000, 0x00000006c5300000, 0x000000076ab00000)
  object space 84992K, 32% used [0x00000006c0000000,0x00000006c1b0e3a8,0x00000006c5300000)
 Metaspace       used 6275K, capacity 7128K, committed 7424K, reserved 1056768K
  class space    used 615K, capacity 656K, committed 768K, reserved 1048576K
}
Event: 2.082 GC heap before
{Heap before GC invocations=7 (full 0):
 PSYoungGen      total 271872K, used 271860K [0x000000076ab00000, 0x000000077dc00000, 0x00000007c0000000)
  eden space 248320K, 100% used [0x000000076ab00000,0x0000000779d80000,0x0000000779d80000)
  from space 23552K, 99% used [0x000000077ba00000,0x000000077d0fd0a8,0x000000077d100000)
  to   space 29184K, 0% used [0x0000000779d80000,0x0000000779d80000,0x000000077ba00000)
 ParOldGen       total 84992K, used 27704K [0x00000006c0000000, 0x00000006c5300000, 0x000000076ab00000)
  object space 84992K, 32% used [0x00000006c0000000,0x00000006c1b0e3a8,0x00000006c5300000)
 Metaspace       used 6429K, capacity 7256K, committed 7424K, reserved 1056768K
  class space    used 615K, capacity 656K, committed 768K, reserved 1048576K

